mode: set
vsc-node/cmd/vm-runner/args.go:18.59,19.16 1 0
vsc-node/cmd/vm-runner/args.go:19.16,21.3 1 0
vsc-node/cmd/vm-runner/args.go:22.2,22.23 1 0
vsc-node/cmd/vm-runner/args.go:30.38,36.15 6 0
vsc-node/cmd/vm-runner/args.go:36.15,38.3 1 0
vsc-node/cmd/vm-runner/args.go:39.2,39.23 1 0
vsc-node/cmd/vm-runner/args.go:39.23,41.3 1 0
vsc-node/cmd/vm-runner/args.go:42.2,44.43 1 0
vsc-node/cmd/vm-runner/args.go:44.43,51.4 1 0
vsc-node/cmd/vm-runner/main.go:13.13,14.56 1 0
vsc-node/cmd/vm-runner/main.go:14.56,19.3 4 0
vsc-node/cmd/vm-runner/main.go:21.2,29.16 4 0
vsc-node/cmd/vm-runner/main.go:29.16,32.3 2 0
vsc-node/cmd/vm-runner/main.go:34.2,35.103 2 0
vsc-node/cmd/vm-runner/main.go:35.103,39.3 3 0
vsc-node/cmd/vm-runner/main.go:40.2,40.41 1 0
vsc-node/cmd/vsc-node/main.go:24.13,29.16 4 0
vsc-node/cmd/vsc-node/main.go:29.16,32.3 2 0
vsc-node/cmd/vsc-node/main.go:34.2,38.16 5 0
vsc-node/cmd/vsc-node/main.go:38.16,41.3 2 0
vsc-node/cmd/vsc-node/main.go:44.2,45.78 2 0
vsc-node/cmd/vsc-node/main.go:45.78,46.31 1 0
vsc-node/cmd/vsc-node/main.go:46.31,47.58 1 0
vsc-node/cmd/vsc-node/main.go:47.58,49.5 1 0
vsc-node/cmd/vsc-node/main.go:51.3,51.66 1 0
vsc-node/cmd/vsc-node/main.go:51.66,53.4 1 0
vsc-node/cmd/vsc-node/main.go:55.3,55.64 1 0
vsc-node/cmd/vsc-node/main.go:55.64,56.58 1 0
vsc-node/cmd/vsc-node/main.go:56.58,58.5 1 0
vsc-node/cmd/vsc-node/main.go:60.4,60.60 1 0
vsc-node/cmd/vsc-node/main.go:60.60,62.5 1 0
vsc-node/cmd/vsc-node/main.go:65.3,65.15 1 0
vsc-node/cmd/vsc-node/main.go:67.2,74.16 6 0
vsc-node/cmd/vsc-node/main.go:74.16,77.3 2 0
vsc-node/cmd/vsc-node/main.go:79.2,106.16 8 0
vsc-node/cmd/vsc-node/main.go:106.16,109.3 2 0
vsc-node/lib/cbor/cbor.go:94.82,98.56 3 1
vsc-node/lib/cbor/cbor.go:98.56,99.62 1 1
vsc-node/lib/cbor/cbor.go:99.62,103.5 3 1
vsc-node/lib/cbor/cbor.go:103.10,106.5 2 1
vsc-node/lib/cbor/cbor.go:107.4,107.14 1 1
vsc-node/lib/cbor/cbor.go:112.81,116.55 3 1
vsc-node/lib/cbor/cbor.go:116.55,117.62 1 0
vsc-node/lib/cbor/cbor.go:117.62,121.5 3 0
vsc-node/lib/cbor/cbor.go:121.10,124.5 2 0
vsc-node/lib/cbor/cbor.go:125.4,125.14 1 0
vsc-node/lib/cbor/cbor.go:130.48,132.2 1 1
vsc-node/lib/cbor/cbor.go:134.56,136.55 1 1
vsc-node/lib/cbor/cbor.go:136.55,137.31 1 1
vsc-node/lib/cbor/cbor.go:137.31,138.28 1 1
vsc-node/lib/cbor/cbor.go:138.28,139.14 1 1
vsc-node/lib/cbor/cbor.go:141.5,142.19 2 1
vsc-node/lib/cbor/cbor.go:142.19,144.6 1 0
vsc-node/lib/cbor/cbor.go:146.4,146.14 1 1
vsc-node/lib/cbor/cbor.go:148.41,149.31 1 0
vsc-node/lib/cbor/cbor.go:149.31,150.28 1 0
vsc-node/lib/cbor/cbor.go:150.28,151.14 1 0
vsc-node/lib/cbor/cbor.go:153.5,154.19 2 0
vsc-node/lib/cbor/cbor.go:154.19,156.6 1 0
vsc-node/lib/cbor/cbor.go:158.4,158.14 1 0
vsc-node/lib/cbor/cbor.go:160.52,161.31 1 0
vsc-node/lib/cbor/cbor.go:161.31,162.29 1 0
vsc-node/lib/cbor/cbor.go:162.29,163.14 1 0
vsc-node/lib/cbor/cbor.go:165.5,166.19 2 0
vsc-node/lib/cbor/cbor.go:166.19,168.6 1 0
vsc-node/lib/cbor/cbor.go:170.4,170.14 1 0
vsc-node/lib/cbor/cbor.go:172.55,173.31 1 0
vsc-node/lib/cbor/cbor.go:173.31,174.30 1 0
vsc-node/lib/cbor/cbor.go:174.30,175.14 1 0
vsc-node/lib/cbor/cbor.go:177.5,178.19 2 0
vsc-node/lib/cbor/cbor.go:178.19,180.6 1 0
vsc-node/lib/cbor/cbor.go:182.4,182.14 1 0
vsc-node/lib/cbor/cbor.go:184.56,185.31 1 1
vsc-node/lib/cbor/cbor.go:185.31,186.31 1 1
vsc-node/lib/cbor/cbor.go:186.31,187.14 1 1
vsc-node/lib/cbor/cbor.go:189.5,190.19 2 1
vsc-node/lib/cbor/cbor.go:190.19,192.6 1 0
vsc-node/lib/cbor/cbor.go:194.4,194.14 1 1
vsc-node/lib/cbor/cbor.go:196.58,197.31 1 0
vsc-node/lib/cbor/cbor.go:197.31,198.32 1 0
vsc-node/lib/cbor/cbor.go:198.32,199.14 1 0
vsc-node/lib/cbor/cbor.go:201.5,202.19 2 0
vsc-node/lib/cbor/cbor.go:202.19,204.6 1 0
vsc-node/lib/cbor/cbor.go:206.4,206.14 1 0
vsc-node/lib/cbor/cbor.go:208.58,209.31 1 0
vsc-node/lib/cbor/cbor.go:209.31,210.32 1 0
vsc-node/lib/cbor/cbor.go:210.32,211.14 1 0
vsc-node/lib/cbor/cbor.go:213.5,214.19 2 0
vsc-node/lib/cbor/cbor.go:214.19,216.6 1 0
vsc-node/lib/cbor/cbor.go:218.4,218.14 1 0
vsc-node/lib/cbor/cbor.go:220.48,221.31 1 1
vsc-node/lib/cbor/cbor.go:221.31,222.35 1 1
vsc-node/lib/cbor/cbor.go:222.35,223.14 1 1
vsc-node/lib/cbor/cbor.go:225.5,226.19 2 1
vsc-node/lib/cbor/cbor.go:226.19,228.6 1 0
vsc-node/lib/cbor/cbor.go:230.4,230.14 1 1
vsc-node/lib/cbor/cbor.go:237.39,246.2 1 1
vsc-node/lib/cbor/cbor.go:247.45,253.2 5 1
vsc-node/lib/cbor/cbor.go:254.56,260.18 4 1
vsc-node/lib/cbor/cbor.go:260.19,262.3 0 1
vsc-node/lib/cbor/cbor.go:264.2,264.16 1 1
vsc-node/lib/cbor/cbor.go:264.16,266.3 1 0
vsc-node/lib/cbor/cbor.go:268.2,268.41 1 1
vsc-node/lib/cbor/cbor.go:271.45,273.2 1 1
vsc-node/lib/cbor/cbor.go:275.67,278.20 2 1
vsc-node/lib/cbor/cbor.go:278.20,281.3 2 1
vsc-node/lib/cbor/cbor.go:281.8,281.36 1 1
vsc-node/lib/cbor/cbor.go:281.36,283.19 2 1
vsc-node/lib/cbor/cbor.go:283.19,285.4 1 1
vsc-node/lib/cbor/cbor.go:286.3,286.18 1 1
vsc-node/lib/cbor/cbor.go:287.8,287.37 1 0
vsc-node/lib/cbor/cbor.go:287.37,289.19 2 0
vsc-node/lib/cbor/cbor.go:289.19,291.4 1 0
vsc-node/lib/cbor/cbor.go:292.3,292.18 1 0
vsc-node/lib/cbor/cbor.go:293.8,293.37 1 0
vsc-node/lib/cbor/cbor.go:293.37,295.19 2 0
vsc-node/lib/cbor/cbor.go:295.19,300.4 1 0
vsc-node/lib/cbor/cbor.go:301.3,301.18 1 0
vsc-node/lib/cbor/cbor.go:302.8,302.37 1 0
vsc-node/lib/cbor/cbor.go:302.37,304.19 2 0
vsc-node/lib/cbor/cbor.go:304.19,308.14 4 0
vsc-node/lib/cbor/cbor.go:308.14,312.5 3 0
vsc-node/lib/cbor/cbor.go:314.3,314.18 1 0
vsc-node/lib/cbor/cbor.go:316.2,316.15 1 0
vsc-node/lib/cbor/cbor.go:319.63,324.16 4 1
vsc-node/lib/cbor/cbor.go:324.16,327.3 2 0
vsc-node/lib/cbor/cbor.go:330.2,330.26 1 1
vsc-node/lib/cbor/cbor.go:330.26,332.3 1 1
vsc-node/lib/cbor/cbor.go:332.8,332.35 1 1
vsc-node/lib/cbor/cbor.go:332.35,339.3 6 0
vsc-node/lib/cbor/cbor.go:339.8,339.34 1 1
vsc-node/lib/cbor/cbor.go:339.34,341.29 1 0
vsc-node/lib/cbor/cbor.go:341.29,343.8 2 0
vsc-node/lib/cbor/cbor.go:343.8,345.19 2 0
vsc-node/lib/cbor/cbor.go:345.19,348.6 2 0
vsc-node/lib/cbor/cbor.go:349.5,349.24 1 0
vsc-node/lib/cbor/cbor.go:349.24,352.6 1 0
vsc-node/lib/cbor/cbor.go:352.11,353.43 1 0
vsc-node/lib/cbor/cbor.go:353.43,355.7 1 0
vsc-node/lib/cbor/cbor.go:356.6,357.20 2 0
vsc-node/lib/cbor/cbor.go:357.20,360.7 2 0
vsc-node/lib/cbor/cbor.go:363.9,366.18 3 0
vsc-node/lib/cbor/cbor.go:366.18,368.5 1 0
vsc-node/lib/cbor/cbor.go:369.4,370.18 2 0
vsc-node/lib/cbor/cbor.go:370.18,372.5 1 0
vsc-node/lib/cbor/cbor.go:373.4,373.78 1 0
vsc-node/lib/cbor/cbor.go:375.8,375.33 1 1
vsc-node/lib/cbor/cbor.go:375.33,377.3 1 1
vsc-node/lib/cbor/cbor.go:377.8,377.34 1 1
vsc-node/lib/cbor/cbor.go:377.34,379.3 1 1
vsc-node/lib/cbor/cbor.go:379.8,379.32 1 1
vsc-node/lib/cbor/cbor.go:379.32,381.3 1 1
vsc-node/lib/cbor/cbor.go:381.8,381.32 1 0
vsc-node/lib/cbor/cbor.go:381.32,385.17 3 0
vsc-node/lib/cbor/cbor.go:385.17,387.4 1 0
vsc-node/lib/cbor/cbor.go:388.3,388.23 1 0
vsc-node/lib/cbor/cbor.go:388.23,390.18 2 0
vsc-node/lib/cbor/cbor.go:390.18,392.5 1 0
vsc-node/lib/cbor/cbor.go:393.4,393.51 1 0
vsc-node/lib/cbor/cbor.go:394.9,394.33 1 0
vsc-node/lib/cbor/cbor.go:394.33,396.18 2 0
vsc-node/lib/cbor/cbor.go:396.18,398.5 1 0
vsc-node/lib/cbor/cbor.go:399.4,402.54 4 0
vsc-node/lib/cbor/cbor.go:403.9,403.31 1 0
vsc-node/lib/cbor/cbor.go:403.31,405.4 1 0
vsc-node/lib/cbor/cbor.go:405.9,405.32 1 0
vsc-node/lib/cbor/cbor.go:405.32,407.4 1 0
vsc-node/lib/cbor/cbor.go:407.9,409.10 2 0
vsc-node/lib/cbor/cbor.go:409.10,412.19 3 0
vsc-node/lib/cbor/cbor.go:412.19,414.6 1 0
vsc-node/lib/cbor/cbor.go:415.5,416.19 2 0
vsc-node/lib/cbor/cbor.go:416.19,418.6 1 0
vsc-node/lib/cbor/cbor.go:420.5,420.15 1 0
vsc-node/lib/cbor/cbor.go:421.10,425.19 4 0
vsc-node/lib/cbor/cbor.go:425.19,427.6 1 0
vsc-node/lib/cbor/cbor.go:429.5,429.15 1 0
vsc-node/lib/cbor/cbor.go:432.3,432.13 1 0
vsc-node/lib/cbor/cbor.go:433.8,433.30 1 0
vsc-node/lib/cbor/cbor.go:433.30,434.31 1 0
vsc-node/lib/cbor/cbor.go:434.31,438.16 4 0
vsc-node/lib/cbor/cbor.go:438.16,440.5 1 0
vsc-node/lib/cbor/cbor.go:440.10,440.24 1 0
vsc-node/lib/cbor/cbor.go:440.24,442.5 1 0
vsc-node/lib/cbor/cbor.go:442.10,442.24 1 0
vsc-node/lib/cbor/cbor.go:442.24,444.5 1 0
vsc-node/lib/cbor/cbor.go:444.10,446.5 1 0
vsc-node/lib/cbor/cbor.go:447.4,447.28 1 0
vsc-node/lib/cbor/cbor.go:447.28,449.5 1 0
vsc-node/lib/cbor/cbor.go:450.4,450.56 1 0
vsc-node/lib/cbor/cbor.go:451.9,451.38 1 0
vsc-node/lib/cbor/cbor.go:451.38,454.4 2 0
vsc-node/lib/cbor/cbor.go:454.9,454.38 1 0
vsc-node/lib/cbor/cbor.go:454.38,457.4 2 0
vsc-node/lib/cbor/cbor.go:457.9,457.35 1 0
vsc-node/lib/cbor/cbor.go:457.35,459.4 1 0
vsc-node/lib/cbor/cbor.go:459.9,459.34 1 0
vsc-node/lib/cbor/cbor.go:459.34,461.4 1 0
vsc-node/lib/cbor/cbor.go:461.9,461.34 1 0
vsc-node/lib/cbor/cbor.go:461.34,463.4 1 0
vsc-node/lib/cbor/cbor.go:466.2,466.12 1 0
vsc-node/lib/cbor/cbor.go:469.80,471.28 2 1
vsc-node/lib/cbor/cbor.go:471.28,473.7 2 0
vsc-node/lib/cbor/cbor.go:473.7,475.18 2 0
vsc-node/lib/cbor/cbor.go:475.18,478.5 2 0
vsc-node/lib/cbor/cbor.go:479.4,479.23 1 0
vsc-node/lib/cbor/cbor.go:479.23,482.5 1 0
vsc-node/lib/cbor/cbor.go:482.10,484.19 2 0
vsc-node/lib/cbor/cbor.go:484.19,487.6 2 0
vsc-node/lib/cbor/cbor.go:490.8,493.17 3 1
vsc-node/lib/cbor/cbor.go:493.17,495.4 1 0
vsc-node/lib/cbor/cbor.go:496.3,498.17 3 1
vsc-node/lib/cbor/cbor.go:498.17,500.4 1 0
vsc-node/lib/cbor/cbor.go:501.3,501.73 1 1
vsc-node/lib/cbor/cbor.go:505.63,508.16 2 1
vsc-node/lib/cbor/cbor.go:508.16,510.3 1 0
vsc-node/lib/cbor/cbor.go:512.2,512.12 1 1
vsc-node/lib/cbor/cbor.go:515.79,518.28 2 1
vsc-node/lib/cbor/cbor.go:518.28,520.7 2 0
vsc-node/lib/cbor/cbor.go:520.7,522.18 2 0
vsc-node/lib/cbor/cbor.go:522.18,525.5 2 0
vsc-node/lib/cbor/cbor.go:526.4,526.23 1 0
vsc-node/lib/cbor/cbor.go:526.23,529.5 1 0
vsc-node/lib/cbor/cbor.go:529.10,534.119 5 0
vsc-node/lib/cbor/cbor.go:534.119,535.40 1 0
vsc-node/lib/cbor/cbor.go:535.40,537.7 1 0
vsc-node/lib/cbor/cbor.go:538.6,539.16 2 0
vsc-node/lib/cbor/cbor.go:542.5,545.19 4 0
vsc-node/lib/cbor/cbor.go:545.19,548.6 2 0
vsc-node/lib/cbor/cbor.go:550.5,551.19 2 0
vsc-node/lib/cbor/cbor.go:551.19,553.6 1 0
vsc-node/lib/cbor/cbor.go:556.8,558.27 2 1
vsc-node/lib/cbor/cbor.go:558.27,563.118 5 1
vsc-node/lib/cbor/cbor.go:563.118,564.39 1 1
vsc-node/lib/cbor/cbor.go:564.39,566.6 1 0
vsc-node/lib/cbor/cbor.go:567.5,568.15 2 1
vsc-node/lib/cbor/cbor.go:571.4,574.18 4 1
vsc-node/lib/cbor/cbor.go:574.18,577.5 2 0
vsc-node/lib/cbor/cbor.go:578.4,579.18 2 1
vsc-node/lib/cbor/cbor.go:579.18,581.5 1 0
vsc-node/lib/cbor/cbor.go:585.2,585.12 1 1
vsc-node/lib/cbor/cbor.go:588.81,591.28 2 1
vsc-node/lib/cbor/cbor.go:591.28,596.7 4 0
vsc-node/lib/cbor/cbor.go:596.7,598.18 2 0
vsc-node/lib/cbor/cbor.go:598.18,601.5 2 0
vsc-node/lib/cbor/cbor.go:602.4,602.23 1 0
vsc-node/lib/cbor/cbor.go:602.23,604.20 1 0
vsc-node/lib/cbor/cbor.go:604.20,606.6 1 0
vsc-node/lib/cbor/cbor.go:607.10,609.19 2 0
vsc-node/lib/cbor/cbor.go:609.19,612.6 2 0
vsc-node/lib/cbor/cbor.go:613.5,613.15 1 0
vsc-node/lib/cbor/cbor.go:615.4,615.23 1 0
vsc-node/lib/cbor/cbor.go:617.8,619.27 2 1
vsc-node/lib/cbor/cbor.go:619.27,621.18 2 1
vsc-node/lib/cbor/cbor.go:621.18,624.5 2 0
vsc-node/lib/cbor/cbor.go:626.3,626.15 1 1
vsc-node/lib/cbor/cbor.go:626.15,628.4 1 1
vsc-node/lib/cbor/cbor.go:631.2,631.12 1 1
vsc-node/lib/cbor/cbor.go:634.60,639.16 4 0
vsc-node/lib/cbor/cbor.go:639.16,642.3 2 0
vsc-node/lib/cbor/cbor.go:645.2,645.27 1 0
vsc-node/lib/cbor/cbor.go:645.27,647.3 1 0
vsc-node/lib/cbor/cbor.go:649.2,651.16 3 0
vsc-node/lib/cbor/cbor.go:651.16,653.3 1 0
vsc-node/lib/cbor/cbor.go:655.2,658.30 4 0
vsc-node/lib/cbor/cbor.go:658.30,662.3 3 0
vsc-node/lib/cbor/cbor.go:664.2,664.16 1 0
vsc-node/lib/cbor/cbor.go:674.48,675.19 1 0
vsc-node/lib/cbor/cbor.go:675.19,677.3 1 0
vsc-node/lib/cbor/cbor.go:679.2,679.34 1 0
vsc-node/lib/cbor/cbor.go:679.34,681.3 1 0
vsc-node/lib/cbor/cbor.go:682.2,682.55 1 0
vsc-node/lib/cbor/cbor.go:691.48,692.21 1 0
vsc-node/lib/cbor/cbor.go:692.21,696.23 2 0
vsc-node/lib/cbor/cbor.go:696.23,698.26 2 0
vsc-node/lib/cbor/cbor.go:698.26,700.5 1 0
vsc-node/lib/cbor/cbor.go:703.2,703.18 1 0
vsc-node/lib/cbor/cbor.go:707.62,708.29 1 0
vsc-node/lib/cbor/cbor.go:708.29,711.3 1 0
vsc-node/lib/cbor/cbor.go:712.2,713.9 2 0
vsc-node/lib/cbor/cbor.go:713.9,715.3 1 0
vsc-node/lib/cbor/cbor.go:716.2,716.8 1 0
vsc-node/lib/cbor/cbor.go:716.8,717.22 1 0
vsc-node/lib/cbor/cbor.go:717.22,719.4 1 0
vsc-node/lib/cbor/cbor.go:720.3,720.23 1 0
vsc-node/lib/cbor/cbor.go:720.23,722.4 1 0
vsc-node/lib/cbor/cbor.go:723.3,723.25 1 0
vsc-node/lib/cbor/cbor.go:725.2,725.29 1 0
vsc-node/lib/stdio-ipc/common/common.go:12.59,13.16 1 0
vsc-node/lib/stdio-ipc/common/common.go:13.16,15.3 1 0
vsc-node/lib/stdio-ipc/common/common.go:16.2,16.23 1 0
vsc-node/lib/stdio-ipc/common/common.go:19.193,23.93 2 0
vsc-node/lib/stdio-ipc/common/common.go:23.93,25.4 1 0
vsc-node/lib/stdio-ipc/common/common.go:29.212,34.48 1 0
vsc-node/lib/stdio-ipc/common/common.go:34.48,36.6 1 0
vsc-node/lib/stdio-ipc/common/common.go:39.51,41.4 1 0
vsc-node/lib/event-engine/event_engine.go:16.40,18.2 0 0
vsc-node/lib/stdio-ipc/client/client.go:18.54,20.2 1 0
vsc-node/lib/stdio-ipc/client/client.go:22.96,24.2 1 0
vsc-node/lib/stdio-ipc/client/client.go:26.127,28.2 1 0
vsc-node/lib/stdio-ipc/client/client.go:30.186,33.124 1 0
vsc-node/lib/stdio-ipc/client/client.go:33.124,35.4 1 0
vsc-node/lib/stdio-ipc/client/client.go:57.121,61.148 1 0
vsc-node/lib/stdio-ipc/client/client.go:61.148,63.5 1 0
vsc-node/lib/stdio-ipc/client/client.go:65.103,67.4 1 0
vsc-node/lib/stdio-ipc/client/client.go:72.84,74.2 1 0
vsc-node/lib/stdio-ipc/client/client.go:77.40,79.2 1 0
vsc-node/lib/stdio-ipc/client/client.go:83.59,84.16 1 0
vsc-node/lib/stdio-ipc/client/client.go:84.16,86.3 1 0
vsc-node/lib/stdio-ipc/client/client.go:87.2,87.23 1 0
vsc-node/lib/stdio-ipc/client/client.go:90.65,91.9 1 0
vsc-node/lib/stdio-ipc/client/client.go:91.9,93.3 1 0
vsc-node/lib/stdio-ipc/client/client.go:94.2,94.23 1 0
vsc-node/lib/stdio-ipc/client/client.go:97.52,100.25 1 0
vsc-node/lib/stdio-ipc/client/client.go:100.25,102.4 1 0
vsc-node/lib/stdio-ipc/client/client.go:103.19,105.4 1 0
vsc-node/lib/stdio-ipc/client/client.go:108.70,113.2 1 0
vsc-node/lib/stdio-ipc/client/client.go:115.71,116.16 1 0
vsc-node/lib/stdio-ipc/client/client.go:116.16,118.3 1 0
vsc-node/lib/stdio-ipc/client/client.go:119.2,119.27 1 0
vsc-node/lib/stdio-ipc/client/client.go:122.78,123.17 1 0
vsc-node/lib/stdio-ipc/client/client.go:123.17,125.3 1 0
vsc-node/lib/stdio-ipc/client/client.go:126.2,126.31 1 0
vsc-node/lib/stdio-ipc/client/client.go:129.67,133.18 1 0
vsc-node/lib/stdio-ipc/client/client.go:133.18,135.5 1 0
vsc-node/lib/stdio-ipc/client/client.go:146.79,147.46 1 0
vsc-node/lib/stdio-ipc/client/client.go:147.46,149.3 1 0
vsc-node/lib/stdio-ipc/client/client.go:152.98,153.65 1 0
vsc-node/lib/stdio-ipc/client/client.go:153.65,155.3 1 0
vsc-node/lib/stdio-ipc/json_connection.go:23.39,27.33 1 1
vsc-node/lib/stdio-ipc/json_connection.go:27.33,29.5 1 1
vsc-node/lib/stdio-ipc/json_connection.go:35.41,37.2 1 1
vsc-node/lib/stdio-ipc/json_connection.go:40.80,43.16 3 1
vsc-node/lib/stdio-ipc/json_connection.go:43.16,45.3 1 1
vsc-node/lib/stdio-ipc/json_connection.go:46.2,47.9 2 1
vsc-node/lib/stdio-ipc/json_connection.go:47.9,50.3 2 0
vsc-node/lib/stdio-ipc/json_connection.go:51.2,52.9 2 1
vsc-node/lib/stdio-ipc/json_connection.go:52.9,55.3 2 0
vsc-node/lib/stdio-ipc/json_connection.go:56.2,57.9 2 1
vsc-node/lib/stdio-ipc/json_connection.go:57.9,60.3 2 0
vsc-node/lib/stdio-ipc/json_connection.go:61.2,64.8 3 1
vsc-node/lib/stdio-ipc/json_connection.go:68.70,70.48 2 1
vsc-node/lib/stdio-ipc/json_connection.go:70.48,72.3 1 1
vsc-node/lib/stdio-ipc/json_connection.go:73.2,74.28 2 1
vsc-node/lib/stdio-ipc/json_connection.go:74.28,75.14 1 1
vsc-node/lib/stdio-ipc/json_connection.go:75.14,77.4 1 1
vsc-node/lib/stdio-ipc/json_connection.go:79.2,80.16 2 1
vsc-node/lib/stdio-ipc/json_connection.go:80.16,82.3 1 0
vsc-node/lib/stdio-ipc/json_connection.go:83.2,84.31 2 1
vsc-node/lib/stdio-ipc/json_connection.go:94.206,96.28 2 1
vsc-node/lib/stdio-ipc/json_connection.go:96.28,98.49 2 1
vsc-node/lib/stdio-ipc/json_connection.go:98.49,100.4 1 1
vsc-node/lib/stdio-ipc/json_connection.go:101.3,101.16 1 1
vsc-node/lib/stdio-ipc/json_connection.go:103.2,106.102 2 1
vsc-node/lib/stdio-ipc/json_connection.go:106.102,108.4 1 1
vsc-node/lib/stdio-ipc/json_connection.go:119.57,121.2 1 1
vsc-node/lib/stdio-ipc/json_connection.go:123.72,126.48 1 1
vsc-node/lib/stdio-ipc/json_connection.go:126.48,127.16 1 1
vsc-node/lib/stdio-ipc/json_connection.go:127.16,130.38 1 1
vsc-node/lib/stdio-ipc/json_connection.go:130.38,133.7 2 1
vsc-node/lib/stdio-ipc/json_connection.go:135.10,137.5 1 0
vsc-node/lib/stdio-ipc/json_connection.go:142.42,145.18 3 1
vsc-node/lib/stdio-ipc/json_connection.go:145.18,147.3 1 0
vsc-node/lib/stdio-ipc/json_connection.go:148.2,149.44 2 1
vsc-node/lib/stdio-ipc/json_connection.go:155.50,161.41 3 1
vsc-node/lib/stdio-ipc/json_connection.go:161.41,163.5 1 1
vsc-node/lib/stdio-ipc/json_connection.go:169.44,172.18 3 1
vsc-node/lib/stdio-ipc/json_connection.go:172.18,174.3 1 1
vsc-node/lib/stdio-ipc/json_connection.go:175.2,176.16 2 1
vsc-node/lib/stdio-ipc/json_connection.go:176.16,178.3 1 0
vsc-node/lib/stdio-ipc/json_connection.go:179.2,179.52 1 1
vsc-node/lib/stdio-ipc/json_connection.go:179.52,181.3 1 0
vsc-node/lib/stdio-ipc/json_connection.go:182.2,182.12 1 1
vsc-node/lib/stdio-ipc/json_connection.go:194.72,197.31 1 1
vsc-node/lib/stdio-ipc/json_connection.go:197.31,199.4 1 1
vsc-node/lib/stdio-ipc/json_connection.go:203.50,210.43 3 1
vsc-node/lib/stdio-ipc/json_connection.go:210.43,211.18 1 1
vsc-node/lib/stdio-ipc/json_connection.go:211.18,214.7 2 1
vsc-node/lib/stdio-ipc/json_connection.go:214.12,216.7 1 0
vsc-node/lib/stdio-ipc/json_connection.go:219.42,221.5 1 1
vsc-node/lib/stdio-ipc/json_connection.go:227.50,232.2 4 1
vsc-node/lib/stdio-ipc/json_connection.go:234.52,237.25 1 1
vsc-node/lib/stdio-ipc/json_connection.go:237.25,239.4 1 1
vsc-node/lib/stdio-ipc/json_connection.go:240.19,242.4 1 1
vsc-node/lib/stdio-ipc/json_connection.go:245.59,246.16 1 1
vsc-node/lib/stdio-ipc/json_connection.go:246.16,248.3 1 1
vsc-node/lib/stdio-ipc/json_connection.go:249.2,249.23 1 1
vsc-node/modules/aggregate/aggregate.go:17.39,24.2 2 0
vsc-node/modules/aggregate/aggregate.go:26.33,27.33 1 0
vsc-node/modules/aggregate/aggregate.go:27.33,29.3 1 0
vsc-node/modules/aggregate/aggregate.go:31.2,31.50 1 0
vsc-node/modules/aggregate/aggregate.go:31.50,33.3 1 0
vsc-node/modules/aggregate/aggregate.go:35.2,35.33 1 0
vsc-node/modules/aggregate/aggregate.go:35.33,37.3 1 0
vsc-node/modules/aggregate/aggregate.go:39.2,39.12 1 0
vsc-node/modules/aggregate/aggregate.go:43.34,44.30 1 0
vsc-node/modules/aggregate/aggregate.go:44.30,45.34 1 0
vsc-node/modules/aggregate/aggregate.go:45.34,47.4 1 0
vsc-node/modules/aggregate/aggregate.go:49.2,49.12 1 0
vsc-node/modules/aggregate/aggregate.go:53.51,55.30 2 0
vsc-node/modules/aggregate/aggregate.go:55.30,57.3 1 0
vsc-node/modules/aggregate/aggregate.go:58.2,61.28 1 0
vsc-node/modules/aggregate/aggregate.go:61.28,63.4 1 0
vsc-node/modules/aggregate/aggregate.go:68.34,69.30 1 0
vsc-node/modules/aggregate/aggregate.go:69.30,70.34 1 0
vsc-node/modules/aggregate/aggregate.go:70.34,72.4 1 0
vsc-node/modules/aggregate/aggregate.go:74.2,74.12 1 0
vsc-node/lib/test_utils/test_utils.go:14.55,16.12 2 0
vsc-node/lib/test_utils/test_utils.go:16.12,19.3 2 0
vsc-node/lib/test_utils/test_utils.go:20.2,20.19 1 0
vsc-node/lib/test_utils/test_utils.go:20.19,22.3 1 0
vsc-node/lib/stdio-ipc/common/common.go:12.59,13.16 1 1
vsc-node/lib/stdio-ipc/common/common.go:13.16,15.3 1 0
vsc-node/lib/stdio-ipc/common/common.go:16.2,16.23 1 1
vsc-node/lib/stdio-ipc/common/common.go:19.193,23.93 2 1
vsc-node/lib/stdio-ipc/common/common.go:23.93,25.4 1 1
vsc-node/lib/stdio-ipc/common/common.go:29.212,34.48 1 1
vsc-node/lib/stdio-ipc/common/common.go:34.48,36.6 1 1
vsc-node/lib/stdio-ipc/common/common.go:39.51,41.4 1 1
vsc-node/lib/stdio-ipc/host/host.go:19.79,21.2 1 0
vsc-node/lib/stdio-ipc/host/host.go:23.111,25.2 1 0
vsc-node/lib/stdio-ipc/host/host.go:27.170,34.191 4 0
vsc-node/lib/stdio-ipc/host/host.go:34.191,43.5 5 0
vsc-node/lib/stdio-ipc/host/host.go:45.116,47.4 1 0
vsc-node/lib/stdio-ipc/host/host.go:53.59,54.16 1 0
vsc-node/lib/stdio-ipc/host/host.go:54.16,56.3 1 0
vsc-node/lib/stdio-ipc/host/host.go:57.2,57.23 1 0
vsc-node/lib/stdio-ipc/host/host.go:60.65,61.9 1 0
vsc-node/lib/stdio-ipc/host/host.go:61.9,63.3 1 0
vsc-node/lib/stdio-ipc/host/host.go:64.2,64.23 1 0
vsc-node/lib/stdio-ipc/host/host.go:67.52,70.25 1 0
vsc-node/lib/stdio-ipc/host/host.go:70.25,72.4 1 0
vsc-node/lib/stdio-ipc/host/host.go:73.19,75.4 1 0
vsc-node/lib/stdio-ipc/host/host.go:78.70,83.2 1 1
vsc-node/lib/stdio-ipc/host/host.go:85.191,88.126 1 0
vsc-node/lib/stdio-ipc/host/host.go:88.126,91.128 1 0
vsc-node/lib/stdio-ipc/host/host.go:91.128,98.6 4 0
vsc-node/lib/stdio-ipc/host/host.go:107.71,108.16 1 0
vsc-node/lib/stdio-ipc/host/host.go:108.16,110.3 1 0
vsc-node/lib/stdio-ipc/host/host.go:111.2,111.27 1 0
vsc-node/lib/stdio-ipc/host/host.go:114.78,115.17 1 0
vsc-node/lib/stdio-ipc/host/host.go:115.17,117.3 1 0
vsc-node/lib/stdio-ipc/host/host.go:118.2,118.31 1 0
vsc-node/lib/stdio-ipc/host/host.go:121.67,125.18 1 0
vsc-node/lib/stdio-ipc/host/host.go:125.18,127.5 1 0
vsc-node/lib/stdio-ipc/host/host.go:138.79,139.46 1 0
vsc-node/lib/stdio-ipc/host/host.go:139.46,141.3 1 0
vsc-node/lib/stdio-ipc/host/host.go:144.98,145.65 1 0
vsc-node/lib/stdio-ipc/host/host.go:145.65,147.3 1 0
vsc-node/lib/stdio-ipc/host/host.go:150.162,153.44 1 1
vsc-node/lib/stdio-ipc/host/host.go:153.44,155.4 1 0
vsc-node/lib/stdio-ipc/host/host.go:159.290,162.185 1 1
vsc-node/lib/stdio-ipc/host/host.go:162.185,164.4 1 1
vsc-node/lib/stdio-ipc/host/host.go:168.109,173.45 1 1
vsc-node/lib/stdio-ipc/host/host.go:173.45,175.5 1 1
vsc-node/lib/stdio-ipc/host/host.go:180.219,187.2 3 1
vsc-node/lib/stdio-ipc/host/host.go:189.175,194.2 1 1
vsc-node/lib/stdio-ipc/host/host.go:196.176,198.81 2 1
vsc-node/lib/stdio-ipc/host/host.go:198.81,200.3 1 1
vsc-node/lib/stdio-ipc/host/host.go:201.2,201.56 1 1
vsc-node/lib/stdio-ipc/messages/messages.go:8.73,16.2 1 0
vsc-node/modules/wasm/ipc_requests/execute/execute.go:23.116,26.9 3 0
vsc-node/modules/wasm/ipc_requests/execute/execute.go:26.9,28.3 1 0
vsc-node/modules/wasm/ipc_requests/execute/execute.go:29.2,31.44 1 0
vsc-node/modules/wasm/ipc_requests/execute/execute.go:31.44,36.4 2 0
vsc-node/modules/wasm/ipc_requests/execute/execute.go:37.45,41.4 1 0
vsc-node/modules/wasm/ipc_requests/execute/execute.go:43.2,45.4 1 0
vsc-node/modules/wasm/ipc_requests/execute/execute.go:53.114,55.85 1 0
vsc-node/modules/wasm/ipc_requests/execute/execute.go:55.85,56.24 1 0
vsc-node/modules/wasm/ipc_requests/execute/execute.go:56.24,58.5 1 0
vsc-node/modules/wasm/ipc_requests/execute/execute.go:59.4,59.39 1 0
vsc-node/modules/wasm/ipc_requests/execute/execute.go:61.58,63.4 1 0
vsc-node/modules/wasm/ipc_requests/execute/execute.go:74.115,76.2 1 0
vsc-node/modules/wasm/ipc_requests/execute/execute.go:85.115,87.2 1 0
vsc-node/modules/wasm/ipc_requests/execute/execute.go:94.118,100.2 1 0
vsc-node/modules/wasm/ipc_requests/execute/execute.go:109.113,113.2 1 0
vsc-node/modules/wasm/ipc_requests/execute/execute.go:115.59,116.16 1 0
vsc-node/modules/wasm/ipc_requests/execute/execute.go:116.16,118.3 1 0
vsc-node/modules/wasm/ipc_requests/execute/execute.go:119.2,119.23 1 0
vsc-node/modules/wasm/sdk/sdk.go:12.73,15.10 3 0
vsc-node/modules/wasm/sdk/sdk.go:15.10,17.4 1 0
vsc-node/modules/wasm/sdk/sdk.go:18.3,18.22 1 0
vsc-node/lib/stdio-ipc/messages/messages.go:8.73,16.2 1 0
vsc-node/lib/utils/promise.go:9.57,10.70 1 0
vsc-node/lib/utils/promise.go:10.70,11.29 1 0
vsc-node/lib/utils/promise.go:11.29,13.4 1 0
vsc-node/lib/utils/promise.go:17.55,18.63 1 0
vsc-node/lib/utils/promise.go:18.63,20.3 1 0
vsc-node/lib/utils/slice.go:9.53,11.22 2 0
vsc-node/lib/utils/slice.go:11.22,13.3 1 0
vsc-node/lib/utils/slice.go:14.2,14.12 1 0
vsc-node/lib/utils/slice.go:17.36,19.17 2 0
vsc-node/lib/utils/slice.go:19.17,21.3 1 0
vsc-node/lib/utils/slice.go:23.2,23.39 1 0
vsc-node/lib/utils/slice.go:26.37,27.24 1 0
vsc-node/lib/utils/slice.go:27.24,29.32 1 0
vsc-node/lib/utils/slice.go:29.32,31.4 1 0
vsc-node/lib/utils/slice.go:33.2,33.11 1 0
vsc-node/lib/utils/slice.go:36.38,41.2 4 0
vsc-node/lib/utils/slice.go:44.46,46.12 2 1
vsc-node/lib/utils/slice.go:46.12,48.3 1 1
vsc-node/lib/utils/slice.go:49.2,54.26 6 1
vsc-node/lib/utils/slice.go:58.70,65.29 5 1
vsc-node/lib/utils/slice.go:65.29,69.18 3 1
vsc-node/lib/utils/slice.go:69.18,74.4 3 1
vsc-node/lib/utils/slice.go:76.3,76.10 1 1
vsc-node/modules/config/config.go:31.44,33.2 1 1
vsc-node/modules/config/config.go:35.32,37.33 2 0
vsc-node/modules/config/config.go:37.33,39.3 1 0
vsc-node/modules/config/config.go:40.2,41.16 2 0
vsc-node/modules/config/config.go:41.16,43.3 1 0
vsc-node/modules/config/config.go:44.2,44.32 1 0
vsc-node/modules/config/config.go:44.32,45.31 1 0
vsc-node/modules/config/config.go:45.31,47.4 1 0
vsc-node/modules/config/config.go:49.2,49.14 1 0
vsc-node/modules/config/config.go:52.42,55.9 3 0
vsc-node/modules/config/config.go:55.9,57.3 1 0
vsc-node/modules/config/config.go:58.2,58.20 1 0
vsc-node/modules/config/config.go:58.20,61.19 3 0
vsc-node/modules/config/config.go:61.19,63.4 1 0
vsc-node/modules/config/config.go:65.2,65.22 1 0
vsc-node/modules/config/config.go:68.39,70.51 2 1
vsc-node/modules/config/config.go:70.51,72.3 1 0
vsc-node/modules/config/config.go:73.2,73.44 1 1
vsc-node/modules/config/config.go:76.34,78.16 2 1
vsc-node/modules/config/config.go:78.16,79.25 1 0
vsc-node/modules/config/config.go:79.25,80.30 1 0
vsc-node/modules/config/config.go:80.30,82.5 1 0
vsc-node/modules/config/config.go:83.4,83.18 1 0
vsc-node/modules/config/config.go:83.18,85.5 1 0
vsc-node/modules/config/config.go:86.9,88.4 1 0
vsc-node/modules/config/config.go:89.8,92.17 3 1
vsc-node/modules/config/config.go:92.17,94.4 1 0
vsc-node/modules/config/config.go:95.3,96.17 2 1
vsc-node/modules/config/config.go:96.17,98.4 1 0
vsc-node/modules/config/config.go:100.2,101.12 2 1
vsc-node/modules/config/config.go:104.51,106.2 1 1
vsc-node/modules/config/config.go:108.34,110.2 1 1
vsc-node/modules/config/config.go:112.29,114.2 1 0
vsc-node/modules/config/config.go:116.52,120.16 4 0
vsc-node/modules/config/config.go:120.16,122.3 1 0
vsc-node/modules/config/config.go:123.2,124.16 2 0
vsc-node/modules/config/config.go:124.16,126.3 1 0
vsc-node/modules/config/config.go:127.2,128.16 2 0
vsc-node/modules/config/config.go:128.16,130.3 1 0
vsc-node/modules/config/config.go:131.2,132.12 2 0
vsc-node/modules/data-availability/data-availability.go:19.91,24.2 1 0
vsc-node/modules/data-availability/data-availability.go:27.41,29.2 1 0
vsc-node/modules/data-availability/data-availability.go:32.58,33.65 1 0
vsc-node/modules/data-availability/data-availability.go:33.65,35.17 2 0
vsc-node/modules/data-availability/data-availability.go:35.17,38.4 2 0
vsc-node/modules/data-availability/data-availability.go:39.3,40.15 2 0
vsc-node/modules/data-availability/data-availability.go:45.41,47.2 1 0
vsc-node/modules/data-availability/p2p.go:33.35,35.2 1 0
vsc-node/modules/data-availability/p2p.go:37.43,39.2 1 0
vsc-node/modules/data-availability/p2p.go:41.34,42.22 1 0
vsc-node/modules/data-availability/p2p.go:42.22,44.3 1 0
vsc-node/modules/data-availability/p2p.go:45.2,45.18 1 0
vsc-node/modules/data-availability/p2p.go:46.22,47.27 1 0
vsc-node/modules/data-availability/p2p.go:48.27,49.42 1 0
vsc-node/modules/data-availability/p2p.go:50.10,51.15 1 0
vsc-node/modules/data-availability/p2p.go:57.45,61.2 3 0
vsc-node/modules/data-availability/p2p.go:63.44,64.22 1 0
vsc-node/modules/data-availability/p2p.go:64.22,66.3 1 0
vsc-node/modules/data-availability/p2p.go:67.2,67.26 1 0
vsc-node/modules/data-availability/p2p.go:71.93,74.2 1 0
vsc-node/modules/data-availability/p2p.go:77.123,78.20 1 0
vsc-node/modules/data-availability/p2p.go:79.22,84.17 5 0
vsc-node/modules/data-availability/p2p.go:84.17,86.4 1 0
vsc-node/modules/data-availability/p2p.go:87.3,87.29 1 0
vsc-node/modules/data-availability/p2p.go:87.29,89.4 1 0
vsc-node/modules/data-availability/p2p.go:91.3,92.53 2 0
vsc-node/modules/data-availability/p2p.go:92.53,94.4 1 0
vsc-node/modules/data-availability/p2p.go:96.3,97.17 2 0
vsc-node/modules/data-availability/p2p.go:97.17,99.4 1 0
vsc-node/modules/data-availability/p2p.go:101.3,102.17 2 0
vsc-node/modules/data-availability/p2p.go:102.17,104.4 1 0
vsc-node/modules/data-availability/p2p.go:106.3,107.17 2 0
vsc-node/modules/data-availability/p2p.go:107.17,109.4 1 0
vsc-node/modules/data-availability/p2p.go:111.3,113.35 2 0
vsc-node/modules/data-availability/p2p.go:115.2,115.12 1 0
vsc-node/modules/data-availability/p2p.go:119.118,122.2 1 0
vsc-node/modules/data-availability/p2p.go:125.62,127.18 2 0
vsc-node/modules/data-availability/p2p.go:127.18,129.3 1 0
vsc-node/modules/data-availability/p2p.go:130.2,130.17 1 0
vsc-node/modules/data-availability/p2p.go:134.56,136.2 1 0
vsc-node/modules/data-availability/p2p.go:139.31,141.2 1 0
vsc-node/modules/db/vsc/elections/elections.go:18.34,20.2 1 0
vsc-node/modules/db/vsc/elections/elections.go:22.34,24.16 2 0
vsc-node/modules/db/vsc/elections/elections.go:24.16,26.3 1 0
vsc-node/modules/db/vsc/elections/elections.go:28.2,28.12 1 0
vsc-node/modules/db/vsc/elections/elections.go:31.53,49.2 6 0
vsc-node/modules/db/vsc/elections/elections.go:51.60,58.29 4 0
vsc-node/modules/db/vsc/elections/elections.go:58.29,60.3 1 0
vsc-node/modules/db/vsc/elections/elections.go:60.8,64.3 3 0
vsc-node/modules/db/vsc/elections/elections.go:67.69,82.29 6 0
vsc-node/modules/db/vsc/elections/elections.go:82.29,84.3 1 0
vsc-node/modules/db/vsc/elections/elections.go:84.8,88.3 3 0
vsc-node/modules/db/vsc/elections/elections.go:92.93,97.29 5 0
vsc-node/modules/db/vsc/elections/elections.go:97.29,100.3 2 0
vsc-node/modules/db/vsc/elections/elections.go:100.8,101.45 1 0
vsc-node/modules/db/vsc/elections/elections.go:101.45,102.31 1 0
vsc-node/modules/db/vsc/elections/elections.go:102.31,104.5 1 0
vsc-node/modules/db/vsc/elections/elections.go:105.4,105.38 1 0
vsc-node/modules/db/vsc/elections/elections.go:109.2,109.25 1 0
vsc-node/modules/db/vsc/contracts/contracts.go:16.34,18.2 1 0
vsc-node/modules/db/vsc/contracts/contracts.go:20.34,22.16 2 0
vsc-node/modules/db/vsc/contracts/contracts.go:22.16,24.3 1 0
vsc-node/modules/db/vsc/contracts/contracts.go:26.2,26.12 1 0
vsc-node/modules/db/vsc/contracts/contracts.go:29.79,46.2 4 0
vsc-node/modules/db/vsc/contracts/contracts.go:52.44,54.2 0 0
vsc-node/modules/db/vsc/ledger/ledger.go:17.31,19.2 1 0
vsc-node/modules/db/vsc/ledger/ledger.go:21.62,28.2 2 0
vsc-node/modules/db/vsc/ledger/ledger.go:31.132,33.18 2 0
vsc-node/modules/db/vsc/ledger/ledger.go:33.18,35.3 1 0
vsc-node/modules/db/vsc/ledger/ledger.go:36.2,42.16 2 0
vsc-node/modules/db/vsc/ledger/ledger.go:42.16,44.3 1 0
vsc-node/modules/db/vsc/ledger/ledger.go:46.2,47.44 2 0
vsc-node/modules/db/vsc/ledger/ledger.go:47.44,51.3 3 0
vsc-node/modules/db/vsc/ledger/ledger.go:52.2,54.22 2 0
vsc-node/modules/db/vsc/ledger/ledger.go:62.41,64.2 1 0
vsc-node/modules/db/vsc/ledger/ledger.go:68.108,76.31 2 0
vsc-node/modules/db/vsc/ledger/ledger.go:76.31,78.3 1 0
vsc-node/modules/db/vsc/ledger/ledger.go:79.2,81.15 3 0
vsc-node/modules/db/vsc/ledger/ledger.go:84.69,92.2 2 0
vsc-node/modules/db/vsc/hive_blocks/hive_blocks.go:29.56,30.27 1 0
vsc-node/modules/db/vsc/hive_blocks/hive_blocks.go:31.21,34.26 2 0
vsc-node/modules/db/vsc/hive_blocks/hive_blocks.go:34.26,35.23 1 0
vsc-node/modules/db/vsc/hive_blocks/hive_blocks.go:36.36,37.27 1 0
vsc-node/modules/db/vsc/hive_blocks/hive_blocks.go:40.3,40.22 1 0
vsc-node/modules/db/vsc/hive_blocks/hive_blocks.go:40.22,43.27 2 0
vsc-node/modules/db/vsc/hive_blocks/hive_blocks.go:43.27,44.38 1 0
vsc-node/modules/db/vsc/hive_blocks/hive_blocks.go:45.24,47.40 2 0
vsc-node/modules/db/vsc/hive_blocks/hive_blocks.go:47.40,49.7 1 0
vsc-node/modules/db/vsc/hive_blocks/hive_blocks.go:50.6,50.23 1 0
vsc-node/modules/db/vsc/hive_blocks/hive_blocks.go:51.22,54.49 3 0
vsc-node/modules/db/vsc/hive_blocks/hive_blocks.go:54.49,56.7 1 0
vsc-node/modules/db/vsc/hive_blocks/hive_blocks.go:57.6,57.23 1 0
vsc-node/modules/db/vsc/hive_blocks/hive_blocks.go:58.13,59.39 1 0
vsc-node/modules/db/vsc/hive_blocks/hive_blocks.go:62.4,62.14 1 0
vsc-node/modules/db/vsc/hive_blocks/hive_blocks.go:63.9,66.27 2 0
vsc-node/modules/db/vsc/hive_blocks/hive_blocks.go:66.27,68.5 1 0
vsc-node/modules/db/vsc/hive_blocks/hive_blocks.go:69.4,69.14 1 0
vsc-node/modules/db/vsc/hive_blocks/hive_blocks.go:71.19,73.46 1 0
vsc-node/modules/db/vsc/hive_blocks/hive_blocks.go:74.30,76.25 2 0
vsc-node/modules/db/vsc/hive_blocks/hive_blocks.go:76.25,78.4 1 0
vsc-node/modules/db/vsc/hive_blocks/hive_blocks.go:79.3,79.11 1 0
vsc-node/modules/db/vsc/hive_blocks/hive_blocks.go:80.19,82.55 1 0
vsc-node/modules/db/vsc/hive_blocks/hive_blocks.go:83.19,86.26 2 0
vsc-node/modules/db/vsc/hive_blocks/hive_blocks.go:86.26,88.4 1 0
vsc-node/modules/db/vsc/hive_blocks/hive_blocks.go:89.3,89.11 1 0
vsc-node/modules/db/vsc/hive_blocks/hive_blocks.go:90.10,91.11 1 0
vsc-node/modules/db/vsc/hive_blocks/hive_blocks.go:96.72,97.27 1 0
vsc-node/modules/db/vsc/hive_blocks/hive_blocks.go:98.21,101.26 2 0
vsc-node/modules/db/vsc/hive_blocks/hive_blocks.go:101.26,103.4 1 0
vsc-node/modules/db/vsc/hive_blocks/hive_blocks.go:104.3,104.13 1 0
vsc-node/modules/db/vsc/hive_blocks/hive_blocks.go:105.19,107.62 1 0
vsc-node/modules/db/vsc/hive_blocks/hive_blocks.go:108.30,109.21 1 0
vsc-node/modules/db/vsc/hive_blocks/hive_blocks.go:109.21,112.26 2 0
vsc-node/modules/db/vsc/hive_blocks/hive_blocks.go:112.26,115.16 3 0
vsc-node/modules/db/vsc/hive_blocks/hive_blocks.go:115.16,116.11 1 0
vsc-node/modules/db/vsc/hive_blocks/hive_blocks.go:118.5,118.73 1 0
vsc-node/modules/db/vsc/hive_blocks/hive_blocks.go:120.4,120.19 1 0
vsc-node/modules/db/vsc/hive_blocks/hive_blocks.go:121.9,124.26 2 0
vsc-node/modules/db/vsc/hive_blocks/hive_blocks.go:124.26,126.5 1 0
vsc-node/modules/db/vsc/hive_blocks/hive_blocks.go:127.4,127.12 1 0
vsc-node/modules/db/vsc/hive_blocks/hive_blocks.go:129.19,131.71 1 0
vsc-node/modules/db/vsc/hive_blocks/hive_blocks.go:132.19,135.26 2 0
vsc-node/modules/db/vsc/hive_blocks/hive_blocks.go:135.26,137.4 1 0
vsc-node/modules/db/vsc/hive_blocks/hive_blocks.go:138.3,138.11 1 0
vsc-node/modules/db/vsc/hive_blocks/hive_blocks.go:139.10,140.11 1 0
vsc-node/modules/db/vsc/hive_blocks/hive_blocks.go:145.49,146.17 1 0
vsc-node/modules/db/vsc/hive_blocks/hive_blocks.go:146.17,148.3 1 0
vsc-node/modules/db/vsc/hive_blocks/hive_blocks.go:149.2,149.21 1 0
vsc-node/modules/db/vsc/hive_blocks/hive_blocks.go:149.21,150.43 1 0
vsc-node/modules/db/vsc/hive_blocks/hive_blocks.go:150.43,152.4 1 0
vsc-node/modules/db/vsc/hive_blocks/hive_blocks.go:154.2,154.13 1 0
vsc-node/modules/db/vsc/hive_blocks/hive_blocks.go:157.44,161.2 2 0
vsc-node/modules/db/vsc/hive_blocks/hive_blocks.go:164.108,167.49 1 0
vsc-node/modules/db/vsc/hive_blocks/hive_blocks.go:167.49,169.3 1 0
vsc-node/modules/db/vsc/hive_blocks/hive_blocks.go:171.2,171.49 1 0
vsc-node/modules/db/vsc/hive_blocks/hive_blocks.go:171.49,173.3 1 0
vsc-node/modules/db/vsc/hive_blocks/hive_blocks.go:176.2,176.112 1 0
vsc-node/modules/db/vsc/hive_blocks/hive_blocks.go:176.112,178.3 1 0
vsc-node/modules/db/vsc/hive_blocks/hive_blocks.go:180.2,180.112 1 0
vsc-node/modules/db/vsc/hive_blocks/hive_blocks.go:180.112,182.3 1 0
vsc-node/modules/db/vsc/hive_blocks/hive_blocks.go:184.2,184.160 1 0
vsc-node/modules/db/vsc/hive_blocks/hive_blocks.go:184.160,186.3 1 0
vsc-node/modules/db/vsc/hive_blocks/hive_blocks.go:190.2,190.13 1 0
vsc-node/modules/db/vsc/hive_blocks/hive_blocks.go:193.93,196.16 2 0
vsc-node/modules/db/vsc/hive_blocks/hive_blocks.go:196.16,198.3 1 0
vsc-node/modules/db/vsc/hive_blocks/hive_blocks.go:200.2,201.16 2 0
vsc-node/modules/db/vsc/hive_blocks/hive_blocks.go:201.16,203.3 1 0
vsc-node/modules/db/vsc/hive_blocks/hive_blocks.go:206.2,207.40 2 0
vsc-node/modules/db/vsc/hive_blocks/hive_blocks.go:207.40,210.17 2 0
vsc-node/modules/db/vsc/hive_blocks/hive_blocks.go:210.17,212.4 1 0
vsc-node/modules/db/vsc/hive_blocks/hive_blocks.go:214.3,214.39 1 0
vsc-node/modules/db/vsc/hive_blocks/hive_blocks.go:214.39,216.62 1 0
vsc-node/modules/db/vsc/hive_blocks/hive_blocks.go:216.62,218.10 2 0
vsc-node/modules/db/vsc/hive_blocks/hive_blocks.go:224.2,224.18 1 0
vsc-node/modules/db/vsc/hive_blocks/hive_blocks.go:224.18,226.17 2 0
vsc-node/modules/db/vsc/hive_blocks/hive_blocks.go:226.17,228.4 1 0
vsc-node/modules/db/vsc/hive_blocks/hive_blocks.go:231.2,231.12 1 0
vsc-node/modules/db/vsc/hive_blocks/hive_blocks.go:234.40,236.16 2 0
vsc-node/modules/db/vsc/hive_blocks/hive_blocks.go:236.16,238.3 1 0
vsc-node/modules/db/vsc/hive_blocks/hive_blocks.go:240.2,247.16 3 0
vsc-node/modules/db/vsc/hive_blocks/hive_blocks.go:247.16,249.3 1 0
vsc-node/modules/db/vsc/hive_blocks/hive_blocks.go:251.2,251.12 1 0
vsc-node/modules/db/vsc/hive_blocks/hive_blocks.go:255.61,257.22 1 0
vsc-node/modules/db/vsc/hive_blocks/hive_blocks.go:257.22,259.3 1 0
vsc-node/modules/db/vsc/hive_blocks/hive_blocks.go:260.2,264.31 4 0
vsc-node/modules/db/vsc/hive_blocks/hive_blocks.go:264.31,273.3 1 0
vsc-node/modules/db/vsc/hive_blocks/hive_blocks.go:275.2,283.16 4 0
vsc-node/modules/db/vsc/hive_blocks/hive_blocks.go:283.16,285.3 1 0
vsc-node/modules/db/vsc/hive_blocks/hive_blocks.go:286.2,286.74 1 0
vsc-node/modules/db/vsc/hive_blocks/hive_blocks.go:290.87,302.16 5 0
vsc-node/modules/db/vsc/hive_blocks/hive_blocks.go:302.16,304.3 1 0
vsc-node/modules/db/vsc/hive_blocks/hive_blocks.go:305.2,309.23 3 0
vsc-node/modules/db/vsc/hive_blocks/hive_blocks.go:309.23,311.48 2 0
vsc-node/modules/db/vsc/hive_blocks/hive_blocks.go:311.48,313.4 1 0
vsc-node/modules/db/vsc/hive_blocks/hive_blocks.go:316.3,317.10 2 0
vsc-node/modules/db/vsc/hive_blocks/hive_blocks.go:317.10,319.4 1 0
vsc-node/modules/db/vsc/hive_blocks/hive_blocks.go:322.3,326.17 3 0
vsc-node/modules/db/vsc/hive_blocks/hive_blocks.go:326.17,328.4 1 0
vsc-node/modules/db/vsc/hive_blocks/hive_blocks.go:331.3,332.59 2 0
vsc-node/modules/db/vsc/hive_blocks/hive_blocks.go:332.59,334.4 1 0
vsc-node/modules/db/vsc/hive_blocks/hive_blocks.go:336.3,336.33 1 0
vsc-node/modules/db/vsc/hive_blocks/hive_blocks.go:338.2,338.37 1 0
vsc-node/modules/db/vsc/hive_blocks/hive_blocks.go:338.37,340.3 1 0
vsc-node/modules/db/vsc/hive_blocks/hive_blocks.go:342.2,342.20 1 0
vsc-node/modules/db/vsc/hive_blocks/hive_blocks.go:345.80,353.16 5 0
vsc-node/modules/db/vsc/hive_blocks/hive_blocks.go:353.16,355.3 1 0
vsc-node/modules/db/vsc/hive_blocks/hive_blocks.go:357.2,359.12 2 0
vsc-node/modules/db/vsc/hive_blocks/hive_blocks.go:359.12,362.24 2 0
vsc-node/modules/db/vsc/hive_blocks/hive_blocks.go:362.24,364.49 2 0
vsc-node/modules/db/vsc/hive_blocks/hive_blocks.go:364.49,365.10 1 0
vsc-node/modules/db/vsc/hive_blocks/hive_blocks.go:368.4,368.27 1 0
vsc-node/modules/db/vsc/hive_blocks/hive_blocks.go:371.2,371.37 1 0
vsc-node/modules/db/vsc/hive_blocks/hive_blocks.go:371.37,373.3 1 0
vsc-node/modules/db/vsc/hive_blocks/hive_blocks.go:375.2,375.20 1 0
vsc-node/modules/db/vsc/hive_blocks/hive_blocks.go:379.42,383.16 3 0
vsc-node/modules/db/vsc/hive_blocks/hive_blocks.go:383.16,385.3 1 0
vsc-node/modules/db/vsc/hive_blocks/hive_blocks.go:387.2,387.12 1 0
vsc-node/modules/db/vsc/hive_blocks/hive_blocks.go:391.69,398.16 3 0
vsc-node/modules/db/vsc/hive_blocks/hive_blocks.go:398.16,400.3 1 0
vsc-node/modules/db/vsc/hive_blocks/hive_blocks.go:401.2,401.12 1 0
vsc-node/modules/db/vsc/hive_blocks/hive_blocks.go:407.59,410.16 3 0
vsc-node/modules/db/vsc/hive_blocks/hive_blocks.go:410.16,411.34 1 0
vsc-node/modules/db/vsc/hive_blocks/hive_blocks.go:411.34,413.4 1 0
vsc-node/modules/db/vsc/hive_blocks/hive_blocks.go:414.3,414.70 1 0
vsc-node/modules/db/vsc/hive_blocks/hive_blocks.go:417.2,417.40 1 0
vsc-node/modules/db/vsc/hive_blocks/hive_blocks.go:421.56,424.16 3 0
vsc-node/modules/db/vsc/hive_blocks/hive_blocks.go:424.16,425.34 1 0
vsc-node/modules/db/vsc/hive_blocks/hive_blocks.go:425.34,427.4 1 0
vsc-node/modules/db/vsc/hive_blocks/hive_blocks.go:428.3,428.67 1 0
vsc-node/modules/db/vsc/hive_blocks/hive_blocks.go:430.2,430.37 1 0
vsc-node/modules/db/vsc/hive_blocks/hive_blocks.go:433.53,437.16 4 0
vsc-node/modules/db/vsc/hive_blocks/hive_blocks.go:437.16,438.34 1 0
vsc-node/modules/db/vsc/hive_blocks/hive_blocks.go:438.34,440.4 1 0
vsc-node/modules/db/vsc/hive_blocks/hive_blocks.go:441.3,441.63 1 0
vsc-node/modules/db/vsc/hive_blocks/hive_blocks.go:444.2,444.38 1 0
vsc-node/modules/db/vsc/hive_blocks/hive_blocks.go:447.153,451.12 4 0
vsc-node/modules/db/vsc/hive_blocks/hive_blocks.go:451.12,452.7 1 0
vsc-node/modules/db/vsc/hive_blocks/hive_blocks.go:452.7,453.11 1 0
vsc-node/modules/db/vsc/hive_blocks/hive_blocks.go:454.22,455.11 1 0
vsc-node/modules/db/vsc/hive_blocks/hive_blocks.go:456.12,462.19 2 0
vsc-node/modules/db/vsc/hive_blocks/hive_blocks.go:462.19,465.6 2 0
vsc-node/modules/db/vsc/hive_blocks/hive_blocks.go:467.5,467.23 1 0
vsc-node/modules/db/vsc/hive_blocks/hive_blocks.go:467.23,470.20 3 0
vsc-node/modules/db/vsc/hive_blocks/hive_blocks.go:470.20,473.7 2 0
vsc-node/modules/db/vsc/hive_blocks/hive_blocks.go:474.6,476.20 3 0
vsc-node/modules/db/vsc/hive_blocks/hive_blocks.go:476.20,479.7 2 0
vsc-node/modules/db/vsc/hive_blocks/hive_blocks.go:481.5,482.19 2 0
vsc-node/modules/db/vsc/hive_blocks/hive_blocks.go:482.19,485.6 2 0
vsc-node/modules/db/vsc/hive_blocks/hive_blocks.go:489.2,489.24 1 0
vsc-node/modules/db/vsc/vsc.go:14.26,16.2 1 0
vsc-node/lib/test_utils/test_utils.go:14.55,16.12 2 1
vsc-node/lib/test_utils/test_utils.go:16.12,19.3 2 1
vsc-node/lib/test_utils/test_utils.go:20.2,20.19 1 1
vsc-node/lib/test_utils/test_utils.go:20.19,22.3 1 1
vsc-node/modules/aggregate/aggregate.go:17.39,24.2 2 1
vsc-node/modules/aggregate/aggregate.go:26.33,27.33 1 0
vsc-node/modules/aggregate/aggregate.go:27.33,29.3 1 0
vsc-node/modules/aggregate/aggregate.go:31.2,31.50 1 0
vsc-node/modules/aggregate/aggregate.go:31.50,33.3 1 0
vsc-node/modules/aggregate/aggregate.go:35.2,35.33 1 0
vsc-node/modules/aggregate/aggregate.go:35.33,37.3 1 0
vsc-node/modules/aggregate/aggregate.go:39.2,39.12 1 0
vsc-node/modules/aggregate/aggregate.go:43.34,44.30 1 1
vsc-node/modules/aggregate/aggregate.go:44.30,45.34 1 1
vsc-node/modules/aggregate/aggregate.go:45.34,47.4 1 0
vsc-node/modules/aggregate/aggregate.go:49.2,49.12 1 1
vsc-node/modules/aggregate/aggregate.go:53.51,55.30 2 1
vsc-node/modules/aggregate/aggregate.go:55.30,57.3 1 1
vsc-node/modules/aggregate/aggregate.go:58.2,61.28 1 1
vsc-node/modules/aggregate/aggregate.go:61.28,63.4 1 1
vsc-node/modules/aggregate/aggregate.go:68.34,69.30 1 1
vsc-node/modules/aggregate/aggregate.go:69.30,70.34 1 1
vsc-node/modules/aggregate/aggregate.go:70.34,72.4 1 0
vsc-node/modules/aggregate/aggregate.go:74.2,74.12 1 1
vsc-node/modules/db/vsc/vsc.go:14.26,16.2 1 1
vsc-node/modules/db/vsc/witnesses/witnesses.go:19.34,21.2 1 1
vsc-node/modules/db/vsc/witnesses/witnesses.go:23.34,25.16 2 1
vsc-node/modules/db/vsc/witnesses/witnesses.go:25.16,27.3 1 0
vsc-node/modules/db/vsc/witnesses/witnesses.go:29.2,29.12 1 1
vsc-node/modules/db/vsc/witnesses/witnesses.go:33.64,36.2 2 0
vsc-node/modules/db/vsc/witnesses/witnesses.go:38.76,72.16 12 1
vsc-node/modules/db/vsc/witnesses/witnesses.go:72.16,74.3 1 0
vsc-node/modules/db/vsc/witnesses/witnesses.go:75.2,76.23 2 1
vsc-node/modules/db/vsc/witnesses/witnesses.go:76.23,78.48 2 1
vsc-node/modules/db/vsc/witnesses/witnesses.go:78.48,80.4 1 0
vsc-node/modules/db/vsc/witnesses/witnesses.go:81.3,82.30 2 1
vsc-node/modules/db/vsc/witnesses/witnesses.go:86.2,86.27 1 1
vsc-node/modules/db/vsc/witnesses/witnesses.go:86.27,94.3 2 1
vsc-node/modules/db/vsc/witnesses/witnesses.go:96.2,96.12 1 1
vsc-node/modules/db/vsc/witnesses/witnesses.go:99.72,103.24 3 0
vsc-node/modules/db/vsc/witnesses/witnesses.go:103.24,110.3 1 0
vsc-node/modules/db/vsc/witnesses/witnesses.go:110.8,115.3 1 0
vsc-node/modules/db/vsc/witnesses/witnesses.go:116.2,123.29 4 0
vsc-node/modules/wasm/runtime/runtime.go:23.53,24.11 1 0
vsc-node/modules/wasm/runtime/runtime.go:25.29,26.35 1 0
vsc-node/modules/wasm/runtime/runtime.go:27.17,28.23 1 0
vsc-node/modules/wasm/runtime/runtime.go:29.10,30.71 1 0
vsc-node/modules/wasm/runtime/runtime.go:34.34,36.2 1 0
vsc-node/modules/wasm/runtime/runtime.go:38.42,40.2 1 0
vsc-node/modules/wasm/runtime/runtime.go:42.30,44.2 1 0
vsc-node/modules/wasm/runtime/runtime.go:46.74,47.11 1 0
vsc-node/modules/wasm/runtime/runtime.go:48.22,49.35 1 0
vsc-node/modules/wasm/runtime/runtime.go:49.35,52.4 2 0
vsc-node/modules/wasm/runtime/runtime.go:53.3,53.33 1 0
vsc-node/modules/wasm/runtime/runtime.go:54.10,55.23 1 0
vsc-node/modules/wasm/runtime/runtime.go:55.23,58.4 2 0
vsc-node/modules/wasm/runtime/runtime.go:59.3,59.21 1 0
vsc-node/modules/wasm/runtime/runtime.go:60.10,61.55 1 0
vsc-node/modules/wasm/ipc_requests/execute/execute.go:23.116,26.9 3 0
vsc-node/modules/wasm/ipc_requests/execute/execute.go:26.9,28.3 1 0
vsc-node/modules/wasm/ipc_requests/execute/execute.go:29.2,31.44 1 0
vsc-node/modules/wasm/ipc_requests/execute/execute.go:31.44,36.4 2 0
vsc-node/modules/wasm/ipc_requests/execute/execute.go:37.45,41.4 1 0
vsc-node/modules/wasm/ipc_requests/execute/execute.go:43.2,45.4 1 0
vsc-node/modules/wasm/ipc_requests/execute/execute.go:53.114,55.85 1 0
vsc-node/modules/wasm/ipc_requests/execute/execute.go:55.85,56.24 1 0
vsc-node/modules/wasm/ipc_requests/execute/execute.go:56.24,58.5 1 0
vsc-node/modules/wasm/ipc_requests/execute/execute.go:59.4,59.39 1 0
vsc-node/modules/wasm/ipc_requests/execute/execute.go:61.58,63.4 1 0
vsc-node/modules/wasm/ipc_requests/execute/execute.go:74.115,76.2 1 0
vsc-node/modules/wasm/ipc_requests/execute/execute.go:85.115,87.2 1 0
vsc-node/modules/wasm/ipc_requests/execute/execute.go:94.118,100.2 1 0
vsc-node/modules/wasm/ipc_requests/execute/execute.go:109.113,113.2 1 0
vsc-node/modules/wasm/ipc_requests/execute/execute.go:115.59,116.16 1 0
vsc-node/modules/wasm/ipc_requests/execute/execute.go:116.16,118.3 1 0
vsc-node/modules/wasm/ipc_requests/execute/execute.go:119.2,119.23 1 0
vsc-node/modules/wasm/sdk/types/sdk_types.go:23.35,25.38 2 0
vsc-node/modules/wasm/sdk/types/sdk_types.go:25.38,35.3 2 0
vsc-node/modules/wasm/sdk/types/sdk_types.go:36.2,36.12 1 0
vsc-node/modules/wasm/sdk/types/sdk_types.go:40.54,42.2 1 0
vsc-node/modules/wasm/sdk/types/sdk_types.go:44.65,48.21 3 0
vsc-node/modules/wasm/sdk/types/sdk_types.go:48.21,50.3 1 0
vsc-node/modules/wasm/sdk/types/sdk_types.go:52.2,52.12 1 0
vsc-node/modules/wasm/sdk/types/sdk_types.go:55.69,59.21 3 0
vsc-node/modules/wasm/sdk/types/sdk_types.go:59.21,61.3 1 0
vsc-node/modules/wasm/sdk/types/sdk_types.go:63.2,63.12 1 0
vsc-node/modules/wasm/sdk/types/sdk_types.go:67.54,69.2 1 0
vsc-node/modules/wasm/sdk/sdk.go:12.73,15.10 3 0
vsc-node/modules/wasm/sdk/sdk.go:15.10,17.4 1 0
vsc-node/modules/wasm/sdk/sdk.go:18.3,18.22 1 0
vsc-node/lib/stdio-ipc/client/client.go:18.54,20.2 1 0
vsc-node/lib/stdio-ipc/client/client.go:22.96,24.2 1 1
vsc-node/lib/stdio-ipc/client/client.go:26.127,28.2 1 1
vsc-node/lib/stdio-ipc/client/client.go:30.186,33.124 1 1
vsc-node/lib/stdio-ipc/client/client.go:33.124,35.4 1 1
vsc-node/lib/stdio-ipc/client/client.go:57.121,61.148 1 1
vsc-node/lib/stdio-ipc/client/client.go:61.148,63.5 1 1
vsc-node/lib/stdio-ipc/client/client.go:65.103,67.4 1 1
vsc-node/lib/stdio-ipc/client/client.go:72.84,74.2 1 1
vsc-node/lib/stdio-ipc/client/client.go:77.40,79.2 1 1
vsc-node/lib/stdio-ipc/client/client.go:83.59,84.16 1 1
vsc-node/lib/stdio-ipc/client/client.go:84.16,86.3 1 0
vsc-node/lib/stdio-ipc/client/client.go:87.2,87.23 1 1
vsc-node/lib/stdio-ipc/client/client.go:90.65,91.9 1 0
vsc-node/lib/stdio-ipc/client/client.go:91.9,93.3 1 0
vsc-node/lib/stdio-ipc/client/client.go:94.2,94.23 1 0
vsc-node/lib/stdio-ipc/client/client.go:97.52,100.25 1 0
vsc-node/lib/stdio-ipc/client/client.go:100.25,102.4 1 0
vsc-node/lib/stdio-ipc/client/client.go:103.19,105.4 1 0
vsc-node/lib/stdio-ipc/client/client.go:108.70,113.2 1 0
vsc-node/lib/stdio-ipc/client/client.go:115.71,116.16 1 0
vsc-node/lib/stdio-ipc/client/client.go:116.16,118.3 1 0
vsc-node/lib/stdio-ipc/client/client.go:119.2,119.27 1 0
vsc-node/lib/stdio-ipc/client/client.go:122.78,123.17 1 0
vsc-node/lib/stdio-ipc/client/client.go:123.17,125.3 1 0
vsc-node/lib/stdio-ipc/client/client.go:126.2,126.31 1 0
vsc-node/lib/stdio-ipc/client/client.go:129.67,133.18 1 0
vsc-node/lib/stdio-ipc/client/client.go:133.18,135.5 1 0
vsc-node/lib/stdio-ipc/client/client.go:146.79,147.46 1 0
vsc-node/lib/stdio-ipc/client/client.go:147.46,149.3 1 0
vsc-node/lib/stdio-ipc/client/client.go:152.98,153.65 1 0
vsc-node/lib/stdio-ipc/client/client.go:153.65,155.3 1 0
vsc-node/lib/stdio-ipc/common/common.go:12.59,13.16 1 1
vsc-node/lib/stdio-ipc/common/common.go:13.16,15.3 1 0
vsc-node/lib/stdio-ipc/common/common.go:16.2,16.23 1 1
vsc-node/lib/stdio-ipc/common/common.go:19.193,23.93 2 1
vsc-node/lib/stdio-ipc/common/common.go:23.93,25.4 1 1
vsc-node/lib/stdio-ipc/common/common.go:29.212,34.48 1 1
vsc-node/lib/stdio-ipc/common/common.go:34.48,36.6 1 1
vsc-node/lib/stdio-ipc/common/common.go:39.51,41.4 1 1
vsc-node/lib/stdio-ipc/messages/messages.go:8.73,16.2 1 1
vsc-node/lib/test_utils/test_utils.go:14.55,16.12 2 1
vsc-node/lib/test_utils/test_utils.go:16.12,19.3 2 1
vsc-node/lib/test_utils/test_utils.go:20.2,20.19 1 1
vsc-node/lib/test_utils/test_utils.go:20.19,22.3 1 1
vsc-node/modules/aggregate/aggregate.go:17.39,24.2 2 0
vsc-node/modules/aggregate/aggregate.go:26.33,27.33 1 0
vsc-node/modules/aggregate/aggregate.go:27.33,29.3 1 0
vsc-node/modules/aggregate/aggregate.go:31.2,31.50 1 0
vsc-node/modules/aggregate/aggregate.go:31.50,33.3 1 0
vsc-node/modules/aggregate/aggregate.go:35.2,35.33 1 0
vsc-node/modules/aggregate/aggregate.go:35.33,37.3 1 0
vsc-node/modules/aggregate/aggregate.go:39.2,39.12 1 0
vsc-node/modules/aggregate/aggregate.go:43.34,44.30 1 0
vsc-node/modules/aggregate/aggregate.go:44.30,45.34 1 0
vsc-node/modules/aggregate/aggregate.go:45.34,47.4 1 0
vsc-node/modules/aggregate/aggregate.go:49.2,49.12 1 0
vsc-node/modules/aggregate/aggregate.go:53.51,55.30 2 0
vsc-node/modules/aggregate/aggregate.go:55.30,57.3 1 0
vsc-node/modules/aggregate/aggregate.go:58.2,61.28 1 0
vsc-node/modules/aggregate/aggregate.go:61.28,63.4 1 0
vsc-node/modules/aggregate/aggregate.go:68.34,69.30 1 0
vsc-node/modules/aggregate/aggregate.go:69.30,70.34 1 0
vsc-node/modules/aggregate/aggregate.go:70.34,72.4 1 0
vsc-node/modules/aggregate/aggregate.go:74.2,74.12 1 0
vsc-node/modules/wasm/ipc_requests/execute/execute.go:23.116,26.9 3 1
vsc-node/modules/wasm/ipc_requests/execute/execute.go:26.9,28.3 1 0
vsc-node/modules/wasm/ipc_requests/execute/execute.go:29.2,31.44 1 1
vsc-node/modules/wasm/ipc_requests/execute/execute.go:31.44,36.4 2 0
vsc-node/modules/wasm/ipc_requests/execute/execute.go:37.45,41.4 1 1
vsc-node/modules/wasm/ipc_requests/execute/execute.go:43.2,45.4 1 1
vsc-node/modules/wasm/ipc_requests/execute/execute.go:53.114,55.85 1 1
vsc-node/modules/wasm/ipc_requests/execute/execute.go:55.85,56.24 1 0
vsc-node/modules/wasm/ipc_requests/execute/execute.go:56.24,58.5 1 0
vsc-node/modules/wasm/ipc_requests/execute/execute.go:59.4,59.39 1 0
vsc-node/modules/wasm/ipc_requests/execute/execute.go:61.58,63.4 1 1
vsc-node/modules/wasm/ipc_requests/execute/execute.go:74.115,76.2 1 1
vsc-node/modules/wasm/ipc_requests/execute/execute.go:85.115,87.2 1 1
vsc-node/modules/wasm/ipc_requests/execute/execute.go:94.118,100.2 1 1
vsc-node/modules/wasm/ipc_requests/execute/execute.go:109.113,113.2 1 1
vsc-node/modules/wasm/ipc_requests/execute/execute.go:115.59,116.16 1 1
vsc-node/modules/wasm/ipc_requests/execute/execute.go:116.16,118.3 1 0
vsc-node/modules/wasm/ipc_requests/execute/execute.go:119.2,119.23 1 1
vsc-node/modules/wasm/runtime/runtime.go:23.53,24.11 1 0
vsc-node/modules/wasm/runtime/runtime.go:25.29,26.35 1 0
vsc-node/modules/wasm/runtime/runtime.go:27.17,28.23 1 0
vsc-node/modules/wasm/runtime/runtime.go:29.10,30.71 1 0
vsc-node/modules/wasm/runtime/runtime.go:34.34,36.2 1 0
vsc-node/modules/wasm/runtime/runtime.go:38.42,40.2 1 0
vsc-node/modules/wasm/runtime/runtime.go:42.30,44.2 1 0
vsc-node/modules/wasm/runtime/runtime.go:46.74,47.11 1 1
vsc-node/modules/wasm/runtime/runtime.go:48.22,49.35 1 1
vsc-node/modules/wasm/runtime/runtime.go:49.35,52.4 2 1
vsc-node/modules/wasm/runtime/runtime.go:53.3,53.33 1 1
vsc-node/modules/wasm/runtime/runtime.go:54.10,55.23 1 1
vsc-node/modules/wasm/runtime/runtime.go:55.23,58.4 2 0
vsc-node/modules/wasm/runtime/runtime.go:59.3,59.21 1 1
vsc-node/modules/wasm/runtime/runtime.go:60.10,61.55 1 0
vsc-node/modules/wasm/runtime_ipc/wasm.go:29.18,31.2 1 1
vsc-node/modules/wasm/runtime_ipc/wasm.go:33.29,36.2 2 1
vsc-node/modules/wasm/runtime_ipc/wasm.go:38.46,40.2 1 1
vsc-node/modules/wasm/runtime_ipc/wasm.go:42.29,44.2 1 1
vsc-node/modules/wasm/runtime_ipc/wasm.go:46.39,47.39 1 1
vsc-node/modules/wasm/runtime_ipc/wasm.go:47.39,49.3 1 1
vsc-node/modules/wasm/runtime_ipc/wasm.go:50.2,50.37 1 1
vsc-node/modules/wasm/runtime_ipc/wasm.go:50.37,52.3 1 0
vsc-node/modules/wasm/runtime_ipc/wasm.go:53.2,53.15 1 1
vsc-node/modules/wasm/runtime_ipc/wasm.go:56.161,63.41 1 1
vsc-node/modules/wasm/runtime_ipc/wasm.go:63.41,65.6 1 1
vsc-node/modules/wasm/runtime_ipc/wasm.go:66.34,69.5 2 0
vsc-node/modules/wasm/runtime_ipc/wasm.go:70.32,72.5 1 1
vsc-node/modules/wasm/runtime_ipc/wasm.go:77.33,79.5 1 1
vsc-node/modules/wasm/runtime_ipc/wasm.go:85.105,89.39 1 1
vsc-node/modules/wasm/runtime_ipc/wasm.go:89.39,92.42 1 1
vsc-node/modules/wasm/runtime_ipc/wasm.go:92.42,93.23 1 1
vsc-node/modules/wasm/runtime_ipc/wasm.go:93.23,95.7 1 0
vsc-node/modules/wasm/runtime_ipc/wasm.go:96.6,97.13 2 1
vsc-node/modules/wasm/runtime_ipc/wasm.go:97.13,99.7 1 0
vsc-node/modules/wasm/runtime_ipc/wasm.go:100.6,100.23 1 1
vsc-node/modules/wasm/runtime_ipc/wasm.go:100.23,103.7 2 1
vsc-node/modules/wasm/runtime_ipc/wasm.go:104.6,106.31 1 1
vsc-node/modules/wasm/runtime_ipc/wasm.go:106.31,109.8 2 1
vsc-node/modules/wasm/runtime_ipc/wasm.go:121.89,125.49 1 1
vsc-node/modules/wasm/runtime_ipc/wasm.go:125.49,129.5 2 1
vsc-node/modules/wasm/runtime_ipc/wasm.go:131.40,133.4 1 1
vsc-node/modules/wasm/runtime_ipc/wasm.go:137.55,138.19 1 1
vsc-node/modules/wasm/runtime_ipc/wasm.go:138.19,140.3 1 0
vsc-node/modules/wasm/runtime_ipc/wasm.go:141.2,142.9 2 1
vsc-node/modules/wasm/runtime_ipc/wasm.go:142.9,144.3 1 0
vsc-node/modules/wasm/runtime_ipc/wasm.go:145.2,145.23 1 1
vsc-node/modules/wasm/runtime_ipc/wasm.go:148.93,158.45 3 1
vsc-node/modules/wasm/runtime_ipc/wasm.go:158.45,164.5 2 1
vsc-node/modules/wasm/runtime_ipc/wasm.go:166.42,170.21 4 1
vsc-node/modules/wasm/runtime_ipc/wasm.go:170.21,175.5 2 1
vsc-node/modules/wasm/runtime_ipc/wasm.go:176.4,180.31 1 1
vsc-node/modules/wasm/runtime_ipc/wasm.go:180.31,184.8 3 1
vsc-node/modules/wasm/runtime_ipc/wasm.go:188.31,194.8 4 1
vsc-node/modules/wasm/runtime_ipc/wasm.go:197.29,200.6 2 1
vsc-node/modules/wasm/runtime_ipc/wasm.go:206.77,210.55 1 1
vsc-node/modules/wasm/runtime_ipc/wasm.go:210.55,219.5 5 1
vsc-node/modules/wasm/runtime_ipc/wasm.go:221.25,223.4 1 1
vsc-node/modules/wasm/runtime_ipc/wasm.go:227.68,229.70 2 1
vsc-node/modules/wasm/runtime_ipc/wasm.go:229.70,231.3 1 0
vsc-node/modules/wasm/runtime_ipc/wasm.go:232.2,232.40 1 1
vsc-node/modules/wasm/runtime_ipc/wasm.go:235.68,238.56 3 1
vsc-node/modules/wasm/runtime_ipc/wasm.go:238.56,240.3 1 0
vsc-node/modules/wasm/runtime_ipc/wasm.go:241.2,241.25 1 1
vsc-node/modules/wasm/runtime_ipc/wasm.go:244.105,246.48 1 1
vsc-node/modules/wasm/runtime_ipc/wasm.go:246.48,248.4 1 1
vsc-node/modules/wasm/runtime_ipc/wasm.go:249.36,251.4 1 1
vsc-node/modules/wasm/runtime_ipc/wasm.go:255.121,257.47 1 1
vsc-node/modules/wasm/runtime_ipc/wasm.go:257.47,259.4 1 1
vsc-node/modules/wasm/runtime_ipc/wasm.go:260.35,262.4 1 1
vsc-node/modules/wasm/runtime_ipc/wasm.go:266.176,268.26 2 1
vsc-node/modules/wasm/runtime_ipc/wasm.go:268.26,273.116 3 1
vsc-node/modules/wasm/runtime_ipc/wasm.go:273.116,276.25 3 1
vsc-node/modules/wasm/runtime_ipc/wasm.go:276.25,280.21 3 1
vsc-node/modules/wasm/runtime_ipc/wasm.go:280.21,282.7 1 0
vsc-node/modules/wasm/runtime_ipc/wasm.go:283.6,283.24 1 1
vsc-node/modules/wasm/runtime_ipc/wasm.go:284.11,284.31 1 0
vsc-node/modules/wasm/runtime_ipc/wasm.go:284.31,286.6 1 0
vsc-node/modules/wasm/runtime_ipc/wasm.go:288.5,304.76 2 1
vsc-node/modules/wasm/runtime_ipc/wasm.go:304.76,306.8 1 1
vsc-node/modules/wasm/runtime_ipc/wasm.go:313.3,313.30 1 1
vsc-node/modules/wasm/runtime_ipc/wasm.go:316.2,316.22 1 1
vsc-node/modules/wasm/runtime_ipc/wasm.go:316.22,319.3 2 1
vsc-node/modules/wasm/runtime_ipc/wasm.go:320.2,320.107 1 1
vsc-node/modules/wasm/runtime_ipc/wasm.go:320.107,323.3 2 0
vsc-node/modules/wasm/runtime_ipc/wasm.go:326.118,329.2 2 0
vsc-node/modules/wasm/runtime_ipc/wasm.go:331.177,348.71 9 1
vsc-node/modules/wasm/runtime_ipc/wasm.go:348.71,361.64 1 1
vsc-node/modules/wasm/runtime_ipc/wasm.go:361.64,364.84 1 1
vsc-node/modules/wasm/runtime_ipc/wasm.go:364.84,367.42 1 1
vsc-node/modules/wasm/runtime_ipc/wasm.go:367.42,369.14 1 0
vsc-node/modules/wasm/runtime_ipc/wasm.go:370.55,373.47 1 1
vsc-node/modules/wasm/runtime_ipc/wasm.go:373.47,375.15 1 1
vsc-node/modules/wasm/runtime_ipc/wasm.go:385.49,398.41 2 1
vsc-node/modules/wasm/runtime_ipc/wasm.go:398.41,400.44 1 1
vsc-node/modules/wasm/runtime_ipc/wasm.go:400.44,403.13 2 1
vsc-node/modules/wasm/runtime_ipc/wasm.go:407.42,412.10 2 1
vsc-node/modules/wasm/runtime_ipc/wasm.go:414.46,417.9 2 1
vsc-node/modules/wasm/runtime_ipc/wasm.go:419.45,421.25 1 1
vsc-node/modules/wasm/runtime_ipc/wasm.go:421.25,423.9 1 0
vsc-node/modules/wasm/runtime_ipc/wasm.go:424.8,424.34 1 1
vsc-node/modules/wasm/runtime_ipc/wasm.go:425.19,428.33 3 1
vsc-node/modules/wasm/runtime_ipc/wasm.go:428.33,431.10 2 1
vsc-node/modules/wasm/runtime_ipc/wasm.go:432.9,433.46 2 1
vsc-node/modules/wasm/runtime_ipc/wasm.go:435.8,435.77 1 0
vsc-node/modules/wasm/runtime_ipc/wasm.go:438.6,438.36 1 1
vsc-node/modules/wasm/runtime_ipc/wasm.go:438.36,440.7 1 1
vsc-node/modules/wasm/runtime_ipc/wasm.go:441.6,441.16 1 1
vsc-node/modules/wasm/runtime_ipc/wasm.go:444.42,447.67 1 0
vsc-node/modules/wasm/runtime_ipc/wasm.go:447.67,451.25 2 0
vsc-node/modules/wasm/runtime_ipc/wasm.go:451.25,453.9 1 0
vsc-node/modules/wasm/runtime_ipc/wasm.go:458.43,461.67 1 1
vsc-node/modules/wasm/runtime_ipc/wasm.go:461.67,464.25 1 1
vsc-node/modules/wasm/runtime_ipc/wasm.go:464.25,466.9 1 1
vsc-node/modules/wasm/runtime_ipc/wasm.go:472.42,477.66 3 1
vsc-node/modules/wasm/runtime_ipc/wasm.go:477.66,480.24 1 1
vsc-node/modules/wasm/runtime_ipc/wasm.go:480.24,482.8 1 1
vsc-node/modules/wasm/runtime_ipc/wasm.go:493.58,495.9 2 0
vsc-node/modules/wasm/runtime_ipc/wasm.go:495.9,497.3 1 0
vsc-node/modules/wasm/runtime_ipc/wasm.go:498.2,498.23 1 0
vsc-node/modules/wasm/runtime_ipc/wasm.go:501.59,502.16 1 1
vsc-node/modules/wasm/runtime_ipc/wasm.go:502.16,504.3 1 0
vsc-node/modules/wasm/runtime_ipc/wasm.go:505.2,505.23 1 1
vsc-node/modules/wasm/runtime_ipc/wasm.go:508.78,509.28 1 1
vsc-node/modules/wasm/runtime_ipc/wasm.go:509.28,510.15 1 1
vsc-node/modules/wasm/runtime_ipc/wasm.go:510.15,512.4 1 1
vsc-node/modules/wasm/runtime_ipc/wasm.go:512.9,513.37 1 0
vsc-node/modules/wasm/runtime_ipc/wasm.go:513.37,515.5 1 0
vsc-node/modules/wasm/runtime_ipc/wasm.go:518.2,518.12 1 1
vsc-node/modules/wasm/sdk/sdk.go:12.73,15.10 3 1
vsc-node/modules/wasm/sdk/sdk.go:15.10,17.4 1 0
vsc-node/modules/wasm/sdk/sdk.go:18.3,18.22 1 1
vsc-node/modules/wasm/sdk/types/sdk_types.go:23.35,25.38 2 1
vsc-node/modules/wasm/sdk/types/sdk_types.go:25.38,35.3 2 1
vsc-node/modules/wasm/sdk/types/sdk_types.go:36.2,36.12 1 1
vsc-node/modules/wasm/sdk/types/sdk_types.go:40.54,42.2 1 1
vsc-node/modules/wasm/sdk/types/sdk_types.go:44.65,48.21 3 1
vsc-node/modules/wasm/sdk/types/sdk_types.go:48.21,50.3 1 1
vsc-node/modules/wasm/sdk/types/sdk_types.go:52.2,52.12 1 1
vsc-node/modules/wasm/sdk/types/sdk_types.go:55.69,59.21 3 1
vsc-node/modules/wasm/sdk/types/sdk_types.go:59.21,61.3 1 1
vsc-node/modules/wasm/sdk/types/sdk_types.go:63.2,63.12 1 1
vsc-node/modules/wasm/sdk/types/sdk_types.go:67.54,69.2 1 1
vsc-node/lib/stdio-ipc/common/common.go:12.59,13.16 1 1
vsc-node/lib/stdio-ipc/common/common.go:13.16,15.3 1 0
vsc-node/lib/stdio-ipc/common/common.go:16.2,16.23 1 1
vsc-node/lib/stdio-ipc/common/common.go:19.193,23.93 2 1
vsc-node/lib/stdio-ipc/common/common.go:23.93,25.4 1 1
vsc-node/lib/stdio-ipc/common/common.go:29.212,34.48 1 1
vsc-node/lib/stdio-ipc/common/common.go:34.48,36.6 1 1
vsc-node/lib/stdio-ipc/common/common.go:39.51,41.4 1 1
vsc-node/lib/stdio-ipc/messages/messages.go:8.73,16.2 1 1
vsc-node/modules/aggregate/aggregate.go:17.39,24.2 2 0
vsc-node/modules/aggregate/aggregate.go:26.33,27.33 1 0
vsc-node/modules/aggregate/aggregate.go:27.33,29.3 1 0
vsc-node/modules/aggregate/aggregate.go:31.2,31.50 1 0
vsc-node/modules/aggregate/aggregate.go:31.50,33.3 1 0
vsc-node/modules/aggregate/aggregate.go:35.2,35.33 1 0
vsc-node/modules/aggregate/aggregate.go:35.33,37.3 1 0
vsc-node/modules/aggregate/aggregate.go:39.2,39.12 1 0
vsc-node/modules/aggregate/aggregate.go:43.34,44.30 1 0
vsc-node/modules/aggregate/aggregate.go:44.30,45.34 1 0
vsc-node/modules/aggregate/aggregate.go:45.34,47.4 1 0
vsc-node/modules/aggregate/aggregate.go:49.2,49.12 1 0
vsc-node/modules/aggregate/aggregate.go:53.51,55.30 2 0
vsc-node/modules/aggregate/aggregate.go:55.30,57.3 1 0
vsc-node/modules/aggregate/aggregate.go:58.2,61.28 1 0
vsc-node/modules/aggregate/aggregate.go:61.28,63.4 1 0
vsc-node/modules/aggregate/aggregate.go:68.34,69.30 1 0
vsc-node/modules/aggregate/aggregate.go:69.30,70.34 1 0
vsc-node/modules/aggregate/aggregate.go:70.34,72.4 1 0
vsc-node/modules/aggregate/aggregate.go:74.2,74.12 1 0
vsc-node/modules/wasm/ipc_requests/execute/execute.go:23.116,26.9 3 1
vsc-node/modules/wasm/ipc_requests/execute/execute.go:26.9,28.3 1 0
vsc-node/modules/wasm/ipc_requests/execute/execute.go:29.2,31.44 1 1
vsc-node/modules/wasm/ipc_requests/execute/execute.go:31.44,36.4 2 0
vsc-node/modules/wasm/ipc_requests/execute/execute.go:37.45,41.4 1 1
vsc-node/modules/wasm/ipc_requests/execute/execute.go:43.2,45.4 1 1
vsc-node/modules/wasm/ipc_requests/execute/execute.go:53.114,55.85 1 1
vsc-node/modules/wasm/ipc_requests/execute/execute.go:55.85,56.24 1 0
vsc-node/modules/wasm/ipc_requests/execute/execute.go:56.24,58.5 1 0
vsc-node/modules/wasm/ipc_requests/execute/execute.go:59.4,59.39 1 0
vsc-node/modules/wasm/ipc_requests/execute/execute.go:61.58,63.4 1 1
vsc-node/modules/wasm/ipc_requests/execute/execute.go:74.115,76.2 1 0
vsc-node/modules/wasm/ipc_requests/execute/execute.go:85.115,87.2 1 1
vsc-node/modules/wasm/ipc_requests/execute/execute.go:94.118,100.2 1 1
vsc-node/modules/wasm/ipc_requests/execute/execute.go:109.113,113.2 1 0
vsc-node/modules/wasm/ipc_requests/execute/execute.go:115.59,116.16 1 1
vsc-node/modules/wasm/ipc_requests/execute/execute.go:116.16,118.3 1 0
vsc-node/modules/wasm/ipc_requests/execute/execute.go:119.2,119.23 1 1
vsc-node/modules/wasm/parent_ipc/setup_unix.go:15.20,17.2 1 1
vsc-node/modules/wasm/parent_ipc/setup_unix.go:19.40,22.16 3 1
vsc-node/modules/wasm/parent_ipc/setup_unix.go:22.16,24.41 2 0
vsc-node/modules/wasm/parent_ipc/setup_unix.go:24.41,26.4 1 0
vsc-node/modules/wasm/parent_ipc/setup_unix.go:27.3,27.20 1 0
vsc-node/modules/wasm/parent_ipc/setup_unix.go:29.2,31.15 3 1
vsc-node/modules/wasm/parent_ipc/setup_unix.go:31.15,32.38 1 1
vsc-node/modules/wasm/parent_ipc/setup_unix.go:32.38,34.4 1 1
vsc-node/modules/wasm/parent_ipc/setup_unix.go:34.9,34.19 1 1
vsc-node/modules/wasm/parent_ipc/setup_unix.go:34.19,36.20 2 1
vsc-node/modules/wasm/parent_ipc/setup_unix.go:36.20,38.5 1 1
vsc-node/modules/wasm/parent_ipc/setup_unix.go:41.2,41.19 1 1
vsc-node/modules/wasm/parent_ipc/setup_unix.go:44.20,46.16 2 1
vsc-node/modules/wasm/parent_ipc/setup_unix.go:46.16,48.3 1 0
vsc-node/modules/wasm/parent_ipc/setup_unix.go:49.2,49.15 1 1
vsc-node/modules/wasm/parent_ipc/setup_unix.go:49.15,51.3 1 1
vsc-node/modules/wasm/parent_ipc/setup_unix.go:54.2,55.16 2 0
vsc-node/modules/wasm/parent_ipc/setup_unix.go:55.16,57.3 1 0
vsc-node/modules/wasm/parent_ipc/setup_unix.go:58.2,60.16 3 0
vsc-node/modules/wasm/parent_ipc/setup_unix.go:60.16,62.3 1 0
vsc-node/modules/wasm/parent_ipc/setup_unix.go:63.2,65.16 3 0
vsc-node/modules/wasm/parent_ipc/setup_unix.go:65.16,67.3 1 0
vsc-node/modules/wasm/parent_ipc/setup_unix.go:68.2,70.16 3 0
vsc-node/modules/wasm/parent_ipc/setup_unix.go:70.16,72.3 1 0
vsc-node/modules/wasm/parent_ipc/setup_unix.go:73.2,73.12 1 0
vsc-node/modules/wasm/parent_ipc/setup_unix.go:73.12,76.3 2 0
vsc-node/modules/wasm/parent_ipc/setup_unix.go:77.2,78.16 2 0
vsc-node/modules/wasm/parent_ipc/setup_unix.go:78.16,80.3 1 0
vsc-node/modules/wasm/parent_ipc/setup_unix.go:81.2,81.19 1 0
vsc-node/modules/wasm/parent_ipc/wasm.go:33.36,35.24 2 1
vsc-node/modules/wasm/parent_ipc/wasm.go:35.24,37.3 1 0
vsc-node/modules/wasm/parent_ipc/wasm.go:38.2,42.3 1 1
vsc-node/modules/wasm/parent_ipc/wasm.go:45.29,47.16 2 1
vsc-node/modules/wasm/parent_ipc/wasm.go:47.16,49.3 1 0
vsc-node/modules/wasm/parent_ipc/wasm.go:50.2,50.12 1 1
vsc-node/modules/wasm/parent_ipc/wasm.go:53.46,55.2 1 1
vsc-node/modules/wasm/parent_ipc/wasm.go:57.29,60.2 2 1
vsc-node/modules/wasm/parent_ipc/wasm.go:65.175,78.2 3 1
vsc-node/modules/wasm/runtime/runtime.go:23.53,24.11 1 0
vsc-node/modules/wasm/runtime/runtime.go:25.29,26.35 1 0
vsc-node/modules/wasm/runtime/runtime.go:27.17,28.23 1 0
vsc-node/modules/wasm/runtime/runtime.go:29.10,30.71 1 0
vsc-node/modules/wasm/runtime/runtime.go:34.34,36.2 1 1
vsc-node/modules/wasm/runtime/runtime.go:38.42,40.2 1 0
vsc-node/modules/wasm/runtime/runtime.go:42.30,44.2 1 0
vsc-node/modules/wasm/runtime/runtime.go:46.74,47.11 1 0
vsc-node/modules/wasm/runtime/runtime.go:48.22,49.35 1 0
vsc-node/modules/wasm/runtime/runtime.go:49.35,52.4 2 0
vsc-node/modules/wasm/runtime/runtime.go:53.3,53.33 1 0
vsc-node/modules/wasm/runtime/runtime.go:54.10,55.23 1 0
vsc-node/modules/wasm/runtime/runtime.go:55.23,58.4 2 0
vsc-node/modules/wasm/runtime/runtime.go:59.3,59.21 1 0
vsc-node/modules/wasm/runtime/runtime.go:60.10,61.55 1 0
vsc-node/modules/wasm/sdk/sdk.go:12.73,15.10 3 1
vsc-node/modules/wasm/sdk/sdk.go:15.10,17.4 1 0
vsc-node/modules/wasm/sdk/sdk.go:18.3,18.22 1 1
vsc-node/lib/p2p/libp2p.go:51.23,54.2 1 0
vsc-node/lib/p2p/libp2p.go:58.57,66.20 5 0
vsc-node/lib/p2p/libp2p.go:66.20,71.17 4 0
vsc-node/lib/p2p/libp2p.go:71.17,72.14 1 0
vsc-node/lib/p2p/libp2p.go:74.3,74.30 1 0
vsc-node/lib/p2p/libp2p.go:74.30,77.25 2 0
vsc-node/lib/p2p/libp2p.go:77.25,79.13 2 0
vsc-node/lib/p2p/libp2p.go:81.4,82.18 2 0
vsc-node/lib/p2p/libp2p.go:82.18,84.5 1 0
vsc-node/lib/p2p/libp2p.go:84.10,87.5 2 0
vsc-node/lib/p2p/libp2p.go:90.2,90.40 1 0
vsc-node/lib/p2p/libp2p.go:98.42,135.117 20 0
vsc-node/lib/p2p/libp2p.go:135.117,135.132 1 0
vsc-node/lib/p2p/libp2p.go:137.2,144.12 2 0
vsc-node/lib/p2p/libp2p.go:148.54,162.63 2 0
vsc-node/lib/p2p/libp2p.go:162.63,163.7 1 0
vsc-node/lib/p2p/libp2p.go:163.7,164.11 1 0
vsc-node/lib/p2p/libp2p.go:165.20,170.37 4 0
vsc-node/lib/p2p/libp2p.go:170.37,172.42 2 0
vsc-node/lib/p2p/libp2p.go:172.42,173.42 1 0
vsc-node/lib/p2p/libp2p.go:173.43,175.8 0 0
vsc-node/lib/p2p/libp2p.go:177.6,177.28 1 0
vsc-node/lib/p2p/libp2p.go:179.5,179.38 1 0
vsc-node/lib/p2p/libp2p.go:182.3,182.15 1 0
vsc-node/lib/p2p/libp2p.go:184.2,187.36 2 0
vsc-node/lib/p2p/libp2p.go:187.36,191.3 2 0
vsc-node/lib/p2p/libp2p.go:192.2,201.10 3 0
vsc-node/lib/p2p/libp2p.go:205.36,208.33 1 0
vsc-node/lib/p2p/libp2p.go:208.33,210.3 1 0
vsc-node/lib/p2p/libp2p.go:212.2,212.36 1 0
vsc-node/lib/p2p/libp2p.go:212.36,214.3 1 0
vsc-node/lib/p2p/libp2p.go:216.2,216.12 1 0
vsc-node/lib/p2p/libp2p.go:231.117,235.6 2 0
vsc-node/lib/p2p/libp2p.go:235.6,237.11 2 0
vsc-node/lib/p2p/libp2p.go:237.11,239.4 1 0
vsc-node/lib/p2p/libp2p.go:239.9,240.9 1 0
vsc-node/lib/p2p/libp2p.go:250.2,250.28 1 0
vsc-node/lib/p2p/libp2p.go:262.116,264.2 1 0
vsc-node/lib/p2p/libp2p.go:280.118,283.2 1 0
vsc-node/lib/p2p/libp2p.go:299.130,302.2 1 0
vsc-node/lib/p2p/libp2p.go:309.39,310.24 1 0
vsc-node/lib/p2p/libp2p.go:314.80,315.24 1 0
vsc-node/lib/p2p/libp2p.go:319.61,320.24 1 0
vsc-node/lib/p2p/libp2p.go:323.13,390.12 27 0
vsc-node/lib/p2p/libp2p.go:390.12,391.7 1 0
vsc-node/lib/p2p/libp2p.go:391.7,395.4 2 0
vsc-node/lib/p2p/libp2p.go:398.2,401.12 3 0
vsc-node/lib/p2p/libp2p.go:401.12,402.7 1 0
vsc-node/lib/p2p/libp2p.go:402.7,412.4 4 0
vsc-node/lib/p2p/pubsub.go:42.44,47.2 4 0
vsc-node/lib/p2p/pubsub.go:50.50,53.2 2 0
vsc-node/lib/p2p/pubsub.go:56.56,58.2 1 0
vsc-node/lib/p2p/pubsub.go:60.110,62.16 2 0
vsc-node/lib/p2p/pubsub.go:62.16,64.3 1 0
vsc-node/lib/p2p/pubsub.go:66.2,67.16 2 0
vsc-node/lib/p2p/pubsub.go:67.16,69.3 1 0
vsc-node/lib/p2p/pubsub.go:72.2,72.125 1 0
vsc-node/lib/p2p/pubsub.go:72.125,74.13 2 0
vsc-node/lib/p2p/pubsub.go:74.13,76.4 1 0
vsc-node/lib/p2p/pubsub.go:77.3,78.20 2 0
vsc-node/lib/p2p/pubsub.go:80.2,80.16 1 0
vsc-node/lib/p2p/pubsub.go:80.16,82.3 1 0
vsc-node/lib/p2p/pubsub.go:84.2,85.16 2 0
vsc-node/lib/p2p/pubsub.go:85.16,87.3 1 0
vsc-node/lib/p2p/pubsub.go:89.2,100.12 3 0
vsc-node/lib/p2p/pubsub.go:100.12,101.7 1 0
vsc-node/lib/p2p/pubsub.go:101.7,103.18 2 0
vsc-node/lib/p2p/pubsub.go:103.18,107.5 3 0
vsc-node/lib/p2p/pubsub.go:110.4,110.57 1 0
vsc-node/lib/p2p/pubsub.go:110.57,111.13 1 0
vsc-node/lib/p2p/pubsub.go:114.4,114.14 1 0
vsc-node/lib/p2p/pubsub.go:114.14,116.19 2 0
vsc-node/lib/p2p/pubsub.go:116.19,119.6 1 0
vsc-node/lib/p2p/pubsub.go:121.5,121.15 1 0
vsc-node/lib/p2p/pubsub.go:121.15,123.20 2 0
vsc-node/lib/p2p/pubsub.go:123.20,126.7 1 0
vsc-node/lib/p2p/pubsub.go:129.5,129.15 1 0
vsc-node/lib/p2p/pubsub.go:129.15,131.20 2 0
vsc-node/lib/p2p/pubsub.go:131.20,134.7 1 0
vsc-node/lib/p2p/pubsub.go:140.2,140.17 1 0
vsc-node/lib/test_utils/test_utils.go:14.55,16.12 2 1
vsc-node/lib/test_utils/test_utils.go:16.12,19.3 2 1
vsc-node/lib/test_utils/test_utils.go:20.2,20.19 1 1
vsc-node/lib/test_utils/test_utils.go:20.19,22.3 1 1
vsc-node/modules/aggregate/aggregate.go:17.39,24.2 2 1
vsc-node/modules/aggregate/aggregate.go:26.33,27.33 1 0
vsc-node/modules/aggregate/aggregate.go:27.33,29.3 1 0
vsc-node/modules/aggregate/aggregate.go:31.2,31.50 1 0
vsc-node/modules/aggregate/aggregate.go:31.50,33.3 1 0
vsc-node/modules/aggregate/aggregate.go:35.2,35.33 1 0
vsc-node/modules/aggregate/aggregate.go:35.33,37.3 1 0
vsc-node/modules/aggregate/aggregate.go:39.2,39.12 1 0
vsc-node/modules/aggregate/aggregate.go:43.34,44.30 1 1
vsc-node/modules/aggregate/aggregate.go:44.30,45.34 1 1
vsc-node/modules/aggregate/aggregate.go:45.34,47.4 1 0
vsc-node/modules/aggregate/aggregate.go:49.2,49.12 1 1
vsc-node/modules/aggregate/aggregate.go:53.51,55.30 2 1
vsc-node/modules/aggregate/aggregate.go:55.30,57.3 1 1
vsc-node/modules/aggregate/aggregate.go:58.2,61.28 1 1
vsc-node/modules/aggregate/aggregate.go:61.28,63.4 1 1
vsc-node/modules/aggregate/aggregate.go:68.34,69.30 1 1
vsc-node/modules/aggregate/aggregate.go:69.30,70.34 1 1
vsc-node/modules/aggregate/aggregate.go:70.34,72.4 1 0
vsc-node/modules/aggregate/aggregate.go:74.2,74.12 1 1
vsc-node/modules/announcements/announcements.go:43.133,46.17 1 1
vsc-node/modules/announcements/announcements.go:46.17,48.3 1 0
vsc-node/modules/announcements/announcements.go:49.2,49.19 1 1
vsc-node/modules/announcements/announcements.go:49.19,51.3 1 1
vsc-node/modules/announcements/announcements.go:52.2,52.53 1 1
vsc-node/modules/announcements/announcements.go:52.53,54.3 1 1
vsc-node/modules/announcements/announcements.go:56.2,61.8 1 1
vsc-node/modules/announcements/announcements.go:66.45,70.2 2 1
vsc-node/modules/announcements/announcements.go:72.62,73.65 1 1
vsc-node/modules/announcements/announcements.go:73.65,75.13 1 1
vsc-node/modules/announcements/announcements.go:75.13,77.18 2 1
vsc-node/modules/announcements/announcements.go:77.18,79.5 1 0
vsc-node/modules/announcements/announcements.go:82.3,85.45 2 1
vsc-node/modules/announcements/announcements.go:85.45,87.11 1 1
vsc-node/modules/announcements/announcements.go:88.24,89.11 1 0
vsc-node/modules/announcements/announcements.go:90.12,91.15 1 1
vsc-node/modules/announcements/announcements.go:91.15,93.20 2 1
vsc-node/modules/announcements/announcements.go:93.20,95.7 1 0
vsc-node/modules/announcements/announcements.go:99.3,99.17 1 1
vsc-node/modules/announcements/announcements.go:99.17,102.4 2 0
vsc-node/modules/announcements/announcements.go:103.3,104.15 2 1
vsc-node/modules/announcements/announcements.go:108.45,110.21 1 1
vsc-node/modules/announcements/announcements.go:110.21,112.3 1 1
vsc-node/modules/announcements/announcements.go:115.2,116.12 2 1
vsc-node/modules/announcements/announcements.go:134.68,135.9 1 1
vsc-node/modules/announcements/announcements.go:136.20,138.13 2 0
vsc-node/modules/announcements/announcements.go:139.10,140.28 1 1
vsc-node/modules/announcements/announcements.go:144.2,145.16 2 1
vsc-node/modules/announcements/announcements.go:145.16,147.3 1 0
vsc-node/modules/announcements/announcements.go:150.2,150.24 1 1
vsc-node/modules/announcements/announcements.go:150.24,152.3 1 0
vsc-node/modules/announcements/announcements.go:155.2,155.23 1 1
vsc-node/modules/announcements/announcements.go:155.23,157.3 1 0
vsc-node/modules/announcements/announcements.go:160.2,161.19 2 1
vsc-node/modules/announcements/announcements.go:161.19,163.3 1 0
vsc-node/modules/announcements/announcements.go:165.2,169.16 5 1
vsc-node/modules/announcements/announcements.go:169.16,171.3 1 0
vsc-node/modules/announcements/announcements.go:172.2,172.28 1 1
vsc-node/modules/announcements/announcements.go:172.28,174.3 1 0
vsc-node/modules/announcements/announcements.go:176.2,177.52 2 1
vsc-node/modules/announcements/announcements.go:177.52,179.3 1 0
vsc-node/modules/announcements/announcements.go:180.2,181.16 2 1
vsc-node/modules/announcements/announcements.go:181.16,183.3 1 0
vsc-node/modules/announcements/announcements.go:186.2,187.16 2 1
vsc-node/modules/announcements/announcements.go:187.16,189.3 1 0
vsc-node/modules/announcements/announcements.go:191.2,202.16 3 1
vsc-node/modules/announcements/announcements.go:202.16,204.3 1 0
vsc-node/modules/announcements/announcements.go:206.2,208.16 3 1
vsc-node/modules/announcements/announcements.go:208.16,210.3 1 0
vsc-node/modules/announcements/announcements.go:212.2,212.12 1 1
vsc-node/modules/announcements/config.go:18.51,22.16 3 1
vsc-node/modules/announcements/config.go:22.16,23.63 1 0
vsc-node/modules/announcements/config.go:27.2,31.4 1 1
vsc-node/modules/aggregate/aggregate.go:17.39,24.2 2 1
vsc-node/modules/aggregate/aggregate.go:26.33,27.33 1 0
vsc-node/modules/aggregate/aggregate.go:27.33,29.3 1 0
vsc-node/modules/aggregate/aggregate.go:31.2,31.50 1 0
vsc-node/modules/aggregate/aggregate.go:31.50,33.3 1 0
vsc-node/modules/aggregate/aggregate.go:35.2,35.33 1 0
vsc-node/modules/aggregate/aggregate.go:35.33,37.3 1 0
vsc-node/modules/aggregate/aggregate.go:39.2,39.12 1 0
vsc-node/modules/aggregate/aggregate.go:43.34,44.30 1 1
vsc-node/modules/aggregate/aggregate.go:44.30,45.34 1 1
vsc-node/modules/aggregate/aggregate.go:45.34,47.4 1 0
vsc-node/modules/aggregate/aggregate.go:49.2,49.12 1 1
vsc-node/modules/aggregate/aggregate.go:53.51,55.30 2 1
vsc-node/modules/aggregate/aggregate.go:55.30,57.3 1 1
vsc-node/modules/aggregate/aggregate.go:58.2,61.28 1 1
vsc-node/modules/aggregate/aggregate.go:61.28,63.4 1 1
vsc-node/modules/aggregate/aggregate.go:68.34,69.30 1 0
vsc-node/modules/aggregate/aggregate.go:69.30,70.34 1 0
vsc-node/modules/aggregate/aggregate.go:70.34,72.4 1 0
vsc-node/modules/aggregate/aggregate.go:74.2,74.12 1 0
vsc-node/modules/db/collection.go:22.97,29.2 1 0
vsc-node/modules/db/collection.go:32.35,35.2 2 0
vsc-node/modules/db/collection.go:38.52,40.2 1 0
vsc-node/modules/db/collection.go:43.35,45.2 1 0
vsc-node/modules/db/config.go:18.29,22.2 1 1
vsc-node/modules/db/config.go:24.48,25.15 1 0
vsc-node/modules/db/config.go:25.15,27.3 1 0
vsc-node/modules/db/config.go:28.2,28.38 1 0
vsc-node/modules/db/config.go:28.38,30.3 1 0
vsc-node/modules/db/db.go:25.29,27.2 1 1
vsc-node/modules/db/db.go:29.28,34.16 4 1
vsc-node/modules/db/db.go:34.16,36.3 1 0
vsc-node/modules/db/db.go:37.2,39.12 2 1
vsc-node/modules/db/db.go:42.45,44.2 1 1
vsc-node/modules/db/db.go:46.28,49.2 2 0
vsc-node/modules/db/instance.go:22.86,29.2 1 0
vsc-node/modules/db/instance.go:32.35,35.2 2 0
vsc-node/modules/db/instance.go:38.52,40.2 1 0
vsc-node/modules/db/instance.go:43.35,45.2 1 0
vsc-node/lib/test_utils/test_utils.go:14.55,16.12 2 1
vsc-node/lib/test_utils/test_utils.go:16.12,19.3 2 1
vsc-node/lib/test_utils/test_utils.go:20.2,20.19 1 1
vsc-node/lib/test_utils/test_utils.go:20.19,22.3 1 1
vsc-node/modules/aggregate/aggregate.go:17.39,24.2 2 1
vsc-node/modules/aggregate/aggregate.go:26.33,27.33 1 0
vsc-node/modules/aggregate/aggregate.go:27.33,29.3 1 0
vsc-node/modules/aggregate/aggregate.go:31.2,31.50 1 0
vsc-node/modules/aggregate/aggregate.go:31.50,33.3 1 0
vsc-node/modules/aggregate/aggregate.go:35.2,35.33 1 0
vsc-node/modules/aggregate/aggregate.go:35.33,37.3 1 0
vsc-node/modules/aggregate/aggregate.go:39.2,39.12 1 0
vsc-node/modules/aggregate/aggregate.go:43.34,44.30 1 1
vsc-node/modules/aggregate/aggregate.go:44.30,45.34 1 1
vsc-node/modules/aggregate/aggregate.go:45.34,47.4 1 0
vsc-node/modules/aggregate/aggregate.go:49.2,49.12 1 1
vsc-node/modules/aggregate/aggregate.go:53.51,55.30 2 1
vsc-node/modules/aggregate/aggregate.go:55.30,57.3 1 1
vsc-node/modules/aggregate/aggregate.go:58.2,61.28 1 1
vsc-node/modules/aggregate/aggregate.go:61.28,63.4 1 1
vsc-node/modules/aggregate/aggregate.go:68.34,69.30 1 1
vsc-node/modules/aggregate/aggregate.go:69.30,70.34 1 1
vsc-node/modules/aggregate/aggregate.go:70.34,72.4 1 0
vsc-node/modules/aggregate/aggregate.go:74.2,74.12 1 1
vsc-node/modules/db/vsc/vsc.go:14.26,16.2 1 0
vsc-node/modules/db/vsc/hive_blocks/hive_blocks.go:29.56,30.27 1 0
vsc-node/modules/db/vsc/hive_blocks/hive_blocks.go:31.21,34.26 2 0
vsc-node/modules/db/vsc/hive_blocks/hive_blocks.go:34.26,35.23 1 0
vsc-node/modules/db/vsc/hive_blocks/hive_blocks.go:36.36,37.27 1 0
vsc-node/modules/db/vsc/hive_blocks/hive_blocks.go:40.3,40.22 1 0
vsc-node/modules/db/vsc/hive_blocks/hive_blocks.go:40.22,43.27 2 0
vsc-node/modules/db/vsc/hive_blocks/hive_blocks.go:43.27,44.38 1 0
vsc-node/modules/db/vsc/hive_blocks/hive_blocks.go:45.24,47.40 2 0
vsc-node/modules/db/vsc/hive_blocks/hive_blocks.go:47.40,49.7 1 0
vsc-node/modules/db/vsc/hive_blocks/hive_blocks.go:50.6,50.23 1 0
vsc-node/modules/db/vsc/hive_blocks/hive_blocks.go:51.22,54.49 3 0
vsc-node/modules/db/vsc/hive_blocks/hive_blocks.go:54.49,56.7 1 0
vsc-node/modules/db/vsc/hive_blocks/hive_blocks.go:57.6,57.23 1 0
vsc-node/modules/db/vsc/hive_blocks/hive_blocks.go:58.13,59.39 1 0
vsc-node/modules/db/vsc/hive_blocks/hive_blocks.go:62.4,62.14 1 0
vsc-node/modules/db/vsc/hive_blocks/hive_blocks.go:63.9,66.27 2 0
vsc-node/modules/db/vsc/hive_blocks/hive_blocks.go:66.27,68.5 1 0
vsc-node/modules/db/vsc/hive_blocks/hive_blocks.go:69.4,69.14 1 0
vsc-node/modules/db/vsc/hive_blocks/hive_blocks.go:71.19,73.46 1 0
vsc-node/modules/db/vsc/hive_blocks/hive_blocks.go:74.30,76.25 2 0
vsc-node/modules/db/vsc/hive_blocks/hive_blocks.go:76.25,78.4 1 0
vsc-node/modules/db/vsc/hive_blocks/hive_blocks.go:79.3,79.11 1 0
vsc-node/modules/db/vsc/hive_blocks/hive_blocks.go:80.19,82.55 1 0
vsc-node/modules/db/vsc/hive_blocks/hive_blocks.go:83.19,86.26 2 0
vsc-node/modules/db/vsc/hive_blocks/hive_blocks.go:86.26,88.4 1 0
vsc-node/modules/db/vsc/hive_blocks/hive_blocks.go:89.3,89.11 1 0
vsc-node/modules/db/vsc/hive_blocks/hive_blocks.go:90.10,91.11 1 0
vsc-node/modules/db/vsc/hive_blocks/hive_blocks.go:96.72,97.27 1 0
vsc-node/modules/db/vsc/hive_blocks/hive_blocks.go:98.21,101.26 2 0
vsc-node/modules/db/vsc/hive_blocks/hive_blocks.go:101.26,103.4 1 0
vsc-node/modules/db/vsc/hive_blocks/hive_blocks.go:104.3,104.13 1 0
vsc-node/modules/db/vsc/hive_blocks/hive_blocks.go:105.19,107.62 1 0
vsc-node/modules/db/vsc/hive_blocks/hive_blocks.go:108.30,109.21 1 0
vsc-node/modules/db/vsc/hive_blocks/hive_blocks.go:109.21,112.26 2 0
vsc-node/modules/db/vsc/hive_blocks/hive_blocks.go:112.26,115.16 3 0
vsc-node/modules/db/vsc/hive_blocks/hive_blocks.go:115.16,116.11 1 0
vsc-node/modules/db/vsc/hive_blocks/hive_blocks.go:118.5,118.73 1 0
vsc-node/modules/db/vsc/hive_blocks/hive_blocks.go:120.4,120.19 1 0
vsc-node/modules/db/vsc/hive_blocks/hive_blocks.go:121.9,124.26 2 0
vsc-node/modules/db/vsc/hive_blocks/hive_blocks.go:124.26,126.5 1 0
vsc-node/modules/db/vsc/hive_blocks/hive_blocks.go:127.4,127.12 1 0
vsc-node/modules/db/vsc/hive_blocks/hive_blocks.go:129.19,131.71 1 0
vsc-node/modules/db/vsc/hive_blocks/hive_blocks.go:132.19,135.26 2 0
vsc-node/modules/db/vsc/hive_blocks/hive_blocks.go:135.26,137.4 1 0
vsc-node/modules/db/vsc/hive_blocks/hive_blocks.go:138.3,138.11 1 0
vsc-node/modules/db/vsc/hive_blocks/hive_blocks.go:139.10,140.11 1 0
vsc-node/modules/db/vsc/hive_blocks/hive_blocks.go:145.49,146.17 1 0
vsc-node/modules/db/vsc/hive_blocks/hive_blocks.go:146.17,148.3 1 0
vsc-node/modules/db/vsc/hive_blocks/hive_blocks.go:149.2,149.21 1 0
vsc-node/modules/db/vsc/hive_blocks/hive_blocks.go:149.21,150.43 1 0
vsc-node/modules/db/vsc/hive_blocks/hive_blocks.go:150.43,152.4 1 0
vsc-node/modules/db/vsc/hive_blocks/hive_blocks.go:154.2,154.13 1 0
vsc-node/modules/db/vsc/hive_blocks/hive_blocks.go:157.44,161.2 2 0
vsc-node/modules/db/vsc/hive_blocks/hive_blocks.go:164.108,167.49 1 0
vsc-node/modules/db/vsc/hive_blocks/hive_blocks.go:167.49,169.3 1 0
vsc-node/modules/db/vsc/hive_blocks/hive_blocks.go:171.2,171.49 1 0
vsc-node/modules/db/vsc/hive_blocks/hive_blocks.go:171.49,173.3 1 0
vsc-node/modules/db/vsc/hive_blocks/hive_blocks.go:176.2,176.112 1 0
vsc-node/modules/db/vsc/hive_blocks/hive_blocks.go:176.112,178.3 1 0
vsc-node/modules/db/vsc/hive_blocks/hive_blocks.go:180.2,180.112 1 0
vsc-node/modules/db/vsc/hive_blocks/hive_blocks.go:180.112,182.3 1 0
vsc-node/modules/db/vsc/hive_blocks/hive_blocks.go:184.2,184.160 1 0
vsc-node/modules/db/vsc/hive_blocks/hive_blocks.go:184.160,186.3 1 0
vsc-node/modules/db/vsc/hive_blocks/hive_blocks.go:190.2,190.13 1 0
vsc-node/modules/db/vsc/hive_blocks/hive_blocks.go:193.93,196.16 2 0
vsc-node/modules/db/vsc/hive_blocks/hive_blocks.go:196.16,198.3 1 0
vsc-node/modules/db/vsc/hive_blocks/hive_blocks.go:200.2,201.16 2 0
vsc-node/modules/db/vsc/hive_blocks/hive_blocks.go:201.16,203.3 1 0
vsc-node/modules/db/vsc/hive_blocks/hive_blocks.go:206.2,207.40 2 0
vsc-node/modules/db/vsc/hive_blocks/hive_blocks.go:207.40,210.17 2 0
vsc-node/modules/db/vsc/hive_blocks/hive_blocks.go:210.17,212.4 1 0
vsc-node/modules/db/vsc/hive_blocks/hive_blocks.go:214.3,214.39 1 0
vsc-node/modules/db/vsc/hive_blocks/hive_blocks.go:214.39,216.62 1 0
vsc-node/modules/db/vsc/hive_blocks/hive_blocks.go:216.62,218.10 2 0
vsc-node/modules/db/vsc/hive_blocks/hive_blocks.go:224.2,224.18 1 0
vsc-node/modules/db/vsc/hive_blocks/hive_blocks.go:224.18,226.17 2 0
vsc-node/modules/db/vsc/hive_blocks/hive_blocks.go:226.17,228.4 1 0
vsc-node/modules/db/vsc/hive_blocks/hive_blocks.go:231.2,231.12 1 0
vsc-node/modules/db/vsc/hive_blocks/hive_blocks.go:234.40,236.16 2 0
vsc-node/modules/db/vsc/hive_blocks/hive_blocks.go:236.16,238.3 1 0
vsc-node/modules/db/vsc/hive_blocks/hive_blocks.go:240.2,247.16 3 0
vsc-node/modules/db/vsc/hive_blocks/hive_blocks.go:247.16,249.3 1 0
vsc-node/modules/db/vsc/hive_blocks/hive_blocks.go:251.2,251.12 1 0
vsc-node/modules/db/vsc/hive_blocks/hive_blocks.go:255.61,257.22 1 0
vsc-node/modules/db/vsc/hive_blocks/hive_blocks.go:257.22,259.3 1 0
vsc-node/modules/db/vsc/hive_blocks/hive_blocks.go:260.2,264.31 4 0
vsc-node/modules/db/vsc/hive_blocks/hive_blocks.go:264.31,273.3 1 0
vsc-node/modules/db/vsc/hive_blocks/hive_blocks.go:275.2,283.16 4 0
vsc-node/modules/db/vsc/hive_blocks/hive_blocks.go:283.16,285.3 1 0
vsc-node/modules/db/vsc/hive_blocks/hive_blocks.go:286.2,286.74 1 0
vsc-node/modules/db/vsc/hive_blocks/hive_blocks.go:290.87,302.16 5 0
vsc-node/modules/db/vsc/hive_blocks/hive_blocks.go:302.16,304.3 1 0
vsc-node/modules/db/vsc/hive_blocks/hive_blocks.go:305.2,309.23 3 0
vsc-node/modules/db/vsc/hive_blocks/hive_blocks.go:309.23,311.48 2 0
vsc-node/modules/db/vsc/hive_blocks/hive_blocks.go:311.48,313.4 1 0
vsc-node/modules/db/vsc/hive_blocks/hive_blocks.go:316.3,317.10 2 0
vsc-node/modules/db/vsc/hive_blocks/hive_blocks.go:317.10,319.4 1 0
vsc-node/modules/db/vsc/hive_blocks/hive_blocks.go:322.3,326.17 3 0
vsc-node/modules/db/vsc/hive_blocks/hive_blocks.go:326.17,328.4 1 0
vsc-node/modules/db/vsc/hive_blocks/hive_blocks.go:331.3,332.59 2 0
vsc-node/modules/db/vsc/hive_blocks/hive_blocks.go:332.59,334.4 1 0
vsc-node/modules/db/vsc/hive_blocks/hive_blocks.go:336.3,336.33 1 0
vsc-node/modules/db/vsc/hive_blocks/hive_blocks.go:338.2,338.37 1 0
vsc-node/modules/db/vsc/hive_blocks/hive_blocks.go:338.37,340.3 1 0
vsc-node/modules/db/vsc/hive_blocks/hive_blocks.go:342.2,342.20 1 0
vsc-node/modules/db/vsc/hive_blocks/hive_blocks.go:345.80,353.16 5 0
vsc-node/modules/db/vsc/hive_blocks/hive_blocks.go:353.16,355.3 1 0
vsc-node/modules/db/vsc/hive_blocks/hive_blocks.go:357.2,359.12 2 0
vsc-node/modules/db/vsc/hive_blocks/hive_blocks.go:359.12,362.24 2 0
vsc-node/modules/db/vsc/hive_blocks/hive_blocks.go:362.24,364.49 2 0
vsc-node/modules/db/vsc/hive_blocks/hive_blocks.go:364.49,365.10 1 0
vsc-node/modules/db/vsc/hive_blocks/hive_blocks.go:368.4,368.27 1 0
vsc-node/modules/db/vsc/hive_blocks/hive_blocks.go:371.2,371.37 1 0
vsc-node/modules/db/vsc/hive_blocks/hive_blocks.go:371.37,373.3 1 0
vsc-node/modules/db/vsc/hive_blocks/hive_blocks.go:375.2,375.20 1 0
vsc-node/modules/db/vsc/hive_blocks/hive_blocks.go:379.42,383.16 3 0
vsc-node/modules/db/vsc/hive_blocks/hive_blocks.go:383.16,385.3 1 0
vsc-node/modules/db/vsc/hive_blocks/hive_blocks.go:387.2,387.12 1 0
vsc-node/modules/db/vsc/hive_blocks/hive_blocks.go:391.69,398.16 3 0
vsc-node/modules/db/vsc/hive_blocks/hive_blocks.go:398.16,400.3 1 0
vsc-node/modules/db/vsc/hive_blocks/hive_blocks.go:401.2,401.12 1 0
vsc-node/modules/db/vsc/hive_blocks/hive_blocks.go:407.59,410.16 3 0
vsc-node/modules/db/vsc/hive_blocks/hive_blocks.go:410.16,411.34 1 0
vsc-node/modules/db/vsc/hive_blocks/hive_blocks.go:411.34,413.4 1 0
vsc-node/modules/db/vsc/hive_blocks/hive_blocks.go:414.3,414.70 1 0
vsc-node/modules/db/vsc/hive_blocks/hive_blocks.go:417.2,417.40 1 0
vsc-node/modules/db/vsc/hive_blocks/hive_blocks.go:421.56,424.16 3 0
vsc-node/modules/db/vsc/hive_blocks/hive_blocks.go:424.16,425.34 1 0
vsc-node/modules/db/vsc/hive_blocks/hive_blocks.go:425.34,427.4 1 0
vsc-node/modules/db/vsc/hive_blocks/hive_blocks.go:428.3,428.67 1 0
vsc-node/modules/db/vsc/hive_blocks/hive_blocks.go:430.2,430.37 1 0
vsc-node/modules/db/vsc/hive_blocks/hive_blocks.go:433.53,437.16 4 0
vsc-node/modules/db/vsc/hive_blocks/hive_blocks.go:437.16,438.34 1 0
vsc-node/modules/db/vsc/hive_blocks/hive_blocks.go:438.34,440.4 1 0
vsc-node/modules/db/vsc/hive_blocks/hive_blocks.go:441.3,441.63 1 0
vsc-node/modules/db/vsc/hive_blocks/hive_blocks.go:444.2,444.38 1 0
vsc-node/modules/db/vsc/hive_blocks/hive_blocks.go:447.153,451.12 4 0
vsc-node/modules/db/vsc/hive_blocks/hive_blocks.go:451.12,452.7 1 0
vsc-node/modules/db/vsc/hive_blocks/hive_blocks.go:452.7,453.11 1 0
vsc-node/modules/db/vsc/hive_blocks/hive_blocks.go:454.22,455.11 1 0
vsc-node/modules/db/vsc/hive_blocks/hive_blocks.go:456.12,462.19 2 0
vsc-node/modules/db/vsc/hive_blocks/hive_blocks.go:462.19,465.6 2 0
vsc-node/modules/db/vsc/hive_blocks/hive_blocks.go:467.5,467.23 1 0
vsc-node/modules/db/vsc/hive_blocks/hive_blocks.go:467.23,470.20 3 0
vsc-node/modules/db/vsc/hive_blocks/hive_blocks.go:470.20,473.7 2 0
vsc-node/modules/db/vsc/hive_blocks/hive_blocks.go:474.6,476.20 3 0
vsc-node/modules/db/vsc/hive_blocks/hive_blocks.go:476.20,479.7 2 0
vsc-node/modules/db/vsc/hive_blocks/hive_blocks.go:481.5,482.19 2 0
vsc-node/modules/db/vsc/hive_blocks/hive_blocks.go:482.19,485.6 2 0
vsc-node/modules/db/vsc/hive_blocks/hive_blocks.go:489.2,489.24 1 0
vsc-node/modules/hive/streamer/streamer.go:84.119,87.30 3 1
vsc-node/modules/hive/streamer/streamer.go:87.30,89.3 1 1
vsc-node/modules/hive/streamer/streamer.go:90.2,90.20 1 1
vsc-node/modules/hive/streamer/streamer.go:90.20,91.46 1 0
vsc-node/modules/hive/streamer/streamer.go:91.47,91.48 0 0
vsc-node/modules/hive/streamer/streamer.go:93.2,100.3 2 1
vsc-node/modules/hive/streamer/streamer.go:104.37,107.16 2 1
vsc-node/modules/hive/streamer/streamer.go:107.16,109.3 1 0
vsc-node/modules/hive/streamer/streamer.go:111.2,111.23 1 1
vsc-node/modules/hive/streamer/streamer.go:111.23,113.3 1 1
vsc-node/modules/hive/streamer/streamer.go:115.2,116.12 2 1
vsc-node/modules/hive/streamer/streamer.go:120.54,121.65 1 1
vsc-node/modules/hive/streamer/streamer.go:121.65,125.3 3 1
vsc-node/modules/hive/streamer/streamer.go:128.22,131.2 2 0
vsc-node/modules/hive/streamer/streamer.go:134.49,137.12 3 1
vsc-node/modules/hive/streamer/streamer.go:137.12,138.7 1 1
vsc-node/modules/hive/streamer/streamer.go:138.7,139.11 1 1
vsc-node/modules/hive/streamer/streamer.go:140.20,142.81 1 1
vsc-node/modules/hive/streamer/streamer.go:142.82,144.6 0 0
vsc-node/modules/hive/streamer/streamer.go:145.16,147.11 2 0
vsc-node/modules/hive/streamer/streamer.go:151.2,151.15 1 1
vsc-node/modules/hive/streamer/streamer.go:151.15,153.3 1 0
vsc-node/modules/hive/streamer/streamer.go:154.2,155.57 2 1
vsc-node/modules/hive/streamer/streamer.go:155.57,162.31 4 1
vsc-node/modules/hive/streamer/streamer.go:162.31,163.80 1 1
vsc-node/modules/hive/streamer/streamer.go:163.80,165.5 1 0
vsc-node/modules/hive/streamer/streamer.go:166.4,166.26 1 1
vsc-node/modules/hive/streamer/streamer.go:168.3,168.13 1 1
vsc-node/modules/hive/streamer/streamer.go:170.2,172.11 3 1
vsc-node/modules/hive/streamer/streamer.go:176.37,179.2 2 1
vsc-node/modules/hive/streamer/streamer.go:216.158,233.2 2 1
vsc-node/modules/hive/streamer/streamer.go:235.33,236.44 1 1
vsc-node/modules/hive/streamer/streamer.go:236.44,238.3 1 0
vsc-node/modules/hive/streamer/streamer.go:240.2,240.22 1 1
vsc-node/modules/hive/streamer/streamer.go:240.22,242.3 1 1
vsc-node/modules/hive/streamer/streamer.go:245.2,245.25 1 1
vsc-node/modules/hive/streamer/streamer.go:245.25,247.3 1 1
vsc-node/modules/hive/streamer/streamer.go:250.2,251.16 2 1
vsc-node/modules/hive/streamer/streamer.go:251.16,252.34 1 0
vsc-node/modules/hive/streamer/streamer.go:252.34,255.4 1 0
vsc-node/modules/hive/streamer/streamer.go:255.9,257.4 1 0
vsc-node/modules/hive/streamer/streamer.go:262.2,262.21 1 1
vsc-node/modules/hive/streamer/streamer.go:262.21,264.3 1 0
vsc-node/modules/hive/streamer/streamer.go:267.2,267.54 1 1
vsc-node/modules/hive/streamer/streamer.go:267.54,268.21 1 1
vsc-node/modules/hive/streamer/streamer.go:268.21,270.4 1 1
vsc-node/modules/hive/streamer/streamer.go:270.9,272.4 1 1
vsc-node/modules/hive/streamer/streamer.go:275.2,275.12 1 1
vsc-node/modules/hive/streamer/streamer.go:278.50,281.12 3 1
vsc-node/modules/hive/streamer/streamer.go:281.12,284.3 2 1
vsc-node/modules/hive/streamer/streamer.go:285.2,285.12 1 1
vsc-node/modules/hive/streamer/streamer.go:285.12,288.3 2 1
vsc-node/modules/hive/streamer/streamer.go:289.2,289.65 1 1
vsc-node/modules/hive/streamer/streamer.go:289.65,292.3 2 1
vsc-node/modules/hive/streamer/streamer.go:295.46,297.16 2 1
vsc-node/modules/hive/streamer/streamer.go:297.16,299.3 1 0
vsc-node/modules/hive/streamer/streamer.go:301.2,304.53 2 1
vsc-node/modules/hive/streamer/streamer.go:304.53,306.3 1 0
vsc-node/modules/hive/streamer/streamer.go:308.2,308.34 1 1
vsc-node/modules/hive/streamer/streamer.go:313.38,319.6 5 1
vsc-node/modules/hive/streamer/streamer.go:319.6,320.10 1 1
vsc-node/modules/hive/streamer/streamer.go:321.23,322.10 1 1
vsc-node/modules/hive/streamer/streamer.go:323.19,324.28 1 1
vsc-node/modules/hive/streamer/streamer.go:324.28,329.19 3 1
vsc-node/modules/hive/streamer/streamer.go:329.19,333.47 2 0
vsc-node/modules/hive/streamer/streamer.go:333.47,335.48 2 0
vsc-node/modules/hive/streamer/streamer.go:335.48,337.8 1 0
vsc-node/modules/hive/streamer/streamer.go:339.6,340.14 2 0
vsc-node/modules/hive/streamer/streamer.go:344.5,346.26 3 1
vsc-node/modules/hive/streamer/streamer.go:346.26,348.6 1 1
vsc-node/modules/hive/streamer/streamer.go:349.5,353.26 3 1
vsc-node/modules/hive/streamer/streamer.go:359.35,361.6 1 1
vsc-node/modules/hive/streamer/streamer.go:361.6,362.10 1 1
vsc-node/modules/hive/streamer/streamer.go:363.23,364.10 1 1
vsc-node/modules/hive/streamer/streamer.go:365.11,366.41 1 1
vsc-node/modules/hive/streamer/streamer.go:366.41,369.13 2 1
vsc-node/modules/hive/streamer/streamer.go:372.4,372.95 1 1
vsc-node/modules/hive/streamer/streamer.go:372.95,375.13 2 1
vsc-node/modules/hive/streamer/streamer.go:381.4,382.18 2 1
vsc-node/modules/hive/streamer/streamer.go:382.18,386.13 3 1
vsc-node/modules/hive/streamer/streamer.go:390.4,390.21 1 1
vsc-node/modules/hive/streamer/streamer.go:390.21,393.13 2 0
vsc-node/modules/hive/streamer/streamer.go:396.4,404.14 5 1
vsc-node/modules/hive/streamer/streamer.go:404.14,406.49 2 1
vsc-node/modules/hive/streamer/streamer.go:406.49,407.39 1 0
vsc-node/modules/hive/streamer/streamer.go:407.39,409.7 1 0
vsc-node/modules/hive/streamer/streamer.go:414.4,414.47 1 1
vsc-node/modules/hive/streamer/streamer.go:419.87,422.16 3 1
vsc-node/modules/hive/streamer/streamer.go:422.16,424.3 1 0
vsc-node/modules/hive/streamer/streamer.go:426.2,428.6 2 1
vsc-node/modules/hive/streamer/streamer.go:428.6,429.10 1 1
vsc-node/modules/hive/streamer/streamer.go:430.23,431.52 1 1
vsc-node/modules/hive/streamer/streamer.go:432.11,433.22 1 1
vsc-node/modules/hive/streamer/streamer.go:435.18,436.95 1 0
vsc-node/modules/hive/streamer/streamer.go:441.61,443.31 2 1
vsc-node/modules/hive/streamer/streamer.go:443.31,458.41 4 1
vsc-node/modules/hive/streamer/streamer.go:458.41,467.37 3 1
vsc-node/modules/hive/streamer/streamer.go:467.37,469.71 1 1
vsc-node/modules/hive/streamer/streamer.go:469.71,470.32 1 1
vsc-node/modules/hive/streamer/streamer.go:470.32,472.7 1 0
vsc-node/modules/hive/streamer/streamer.go:473.6,473.41 1 1
vsc-node/modules/hive/streamer/streamer.go:475.5,475.38 1 1
vsc-node/modules/hive/streamer/streamer.go:475.38,479.23 1 1
vsc-node/modules/hive/streamer/streamer.go:479.23,481.7 1 0
vsc-node/modules/hive/streamer/streamer.go:482.6,485.33 2 1
vsc-node/modules/hive/streamer/streamer.go:485.33,486.38 1 1
vsc-node/modules/hive/streamer/streamer.go:486.38,488.8 1 0
vsc-node/modules/hive/streamer/streamer.go:489.7,490.12 2 1
vsc-node/modules/hive/streamer/streamer.go:494.5,494.62 1 1
vsc-node/modules/hive/streamer/streamer.go:498.4,498.21 1 1
vsc-node/modules/hive/streamer/streamer.go:498.21,500.5 1 1
vsc-node/modules/hive/streamer/streamer.go:503.3,503.22 1 1
vsc-node/modules/hive/streamer/streamer.go:503.22,509.35 6 0
vsc-node/modules/hive/streamer/streamer.go:509.35,510.40 1 0
vsc-node/modules/hive/streamer/streamer.go:510.40,511.22 1 0
vsc-node/modules/hive/streamer/streamer.go:511.22,513.7 1 0
vsc-node/modules/hive/streamer/streamer.go:516.4,516.38 1 0
vsc-node/modules/hive/streamer/streamer.go:519.3,519.28 1 1
vsc-node/modules/hive/streamer/streamer.go:525.2,525.19 1 1
vsc-node/modules/hive/streamer/streamer.go:525.19,527.3 1 0
vsc-node/modules/hive/streamer/streamer.go:532.2,532.64 1 1
vsc-node/modules/hive/streamer/streamer.go:532.64,533.36 1 0
vsc-node/modules/hive/streamer/streamer.go:533.36,535.4 1 0
vsc-node/modules/hive/streamer/streamer.go:536.3,536.54 1 0
vsc-node/modules/hive/streamer/streamer.go:539.2,539.12 1 1
vsc-node/modules/hive/streamer/streamer.go:542.28,546.2 3 1
vsc-node/modules/hive/streamer/streamer.go:548.35,551.9 3 1
vsc-node/modules/hive/streamer/streamer.go:552.22,553.43 1 0
vsc-node/modules/hive/streamer/streamer.go:554.10,556.13 2 1
vsc-node/modules/hive/streamer/streamer.go:560.36,564.2 3 1
vsc-node/modules/hive/streamer/streamer.go:566.33,567.27 1 1
vsc-node/modules/hive/streamer/streamer.go:567.27,576.13 4 1
vsc-node/modules/hive/streamer/streamer.go:576.13,579.4 2 1
vsc-node/modules/hive/streamer/streamer.go:581.3,581.10 1 1
vsc-node/modules/hive/streamer/streamer.go:582.28,583.63 1 1
vsc-node/modules/hive/streamer/streamer.go:584.38,585.66 1 0
vsc-node/modules/hive/streamer/streamer.go:588.3,588.23 1 1
vsc-node/modules/hive/streamer/streamer.go:588.23,590.4 1 1
vsc-node/modules/hive/streamer/streamer.go:592.2,592.12 1 1
vsc-node/modules/hive/streamer/streamer.go:595.36,599.2 3 1
vsc-node/modules/hive/streamer/streamer.go:601.37,602.9 1 1
vsc-node/modules/hive/streamer/streamer.go:603.19,604.14 1 0
vsc-node/modules/hive/streamer/streamer.go:605.10,606.15 1 1
vsc-node/modules/hive/streamer/streamer.go:610.37,614.2 3 1
vsc-node/modules/hive/streamer/streamer.go:616.37,618.2 1 1
